
*** Running vivado
    with args -log top.vds -m64 -product Vivado -mode batch -messageDb vivado.pb -notrace -source top.tcl



****** Vivado v2022.2 (64-bit)
  **** SW Build 3671981 on Fri Oct 14 05:00:03 MDT 2022
  **** IP Build 3669848 on Fri Oct 14 08:30:02 MDT 2022
    ** Copyright 1986-2022 Xilinx, Inc. All Rights Reserved.

source top.tcl -notrace
create_project: Time (s): cpu = 00:00:06 ; elapsed = 00:00:07 . Memory (MB): peak = 1392.449 ; gain = 119.883
INFO: [IP_Flow 19-234] Refreshing IP repositories
INFO: [IP_Flow 19-1700] Loaded user IP repository 'c:/Users/hari-admin/Documents/Dev/Thesis/BCP_acceleration/ip_repo/BCP_optimized_accelerator_1_0'.
INFO: [IP_Flow 19-2313] Loaded Vivado IP repository 'C:/Xilinx/Vivado/2022.2/data/ip'.
WARNING: [IP_Flow 19-4995] The host OS only allows 260 characters in a normal path. The IP cache path is more than 80 characters. If you experience issues with IP caching, please consider changing the IP cache to a location with a shorter path. Alternately consider using the OS subst command to map part of the path to a drive letter. 
Current IP cache path is c:/Users/hari-admin/Documents/Dev/Thesis/BCP_acceleration/ParallelClauseEngine/ParallelClauseEngine.cache/ip 
Command: read_checkpoint -auto_incremental -incremental C:/Users/hari-admin/Documents/Dev/Thesis/BCP_acceleration/ParallelClauseEngine/ParallelClauseEngine.srcs/utils_1/imports/synth_1/top.dcp
INFO: [Vivado 12-5825] Read reference checkpoint from C:/Users/hari-admin/Documents/Dev/Thesis/BCP_acceleration/ParallelClauseEngine/ParallelClauseEngine.srcs/utils_1/imports/synth_1/top.dcp for incremental synthesis
INFO: [Vivado 12-7989] Please ensure there are no constraint changes
Command: synth_design -top top -part xc7z007sclg400-1
Starting synth_design
Attempting to get a license for feature 'Synthesis' and/or device 'xc7z007s'
INFO: [Common 17-349] Got license for feature 'Synthesis' and/or device 'xc7z007s'
INFO: [Designutils 20-5440] No compile time benefit to using incremental synthesis; A full resynthesis will be run
INFO: [Designutils 20-4379] Flow is switching to default flow due to incremental criteria not met. If you would like to alter this behaviour and have the flow terminate instead, please set the following parameter config_implementation {autoIncr.Synth.RejectBehavior Terminate}
INFO: [Synth 8-7079] Multithreading enabled for synth_design using a maximum of 2 processes.
INFO: [Synth 8-7078] Launching helper process for spawning children vivado processes
INFO: [Synth 8-7075] Helper process launched with PID 9640
INFO: [Synth 8-11241] undeclared symbol 'REGCCE', assumed default net type 'wire' [C:/Xilinx/Vivado/2022.2/data/verilog/src/unimacro/BRAM_SINGLE_MACRO.v:2170]
---------------------------------------------------------------------------------
Starting Synthesize : Time (s): cpu = 00:00:07 ; elapsed = 00:00:08 . Memory (MB): peak = 1840.770 ; gain = 407.887
---------------------------------------------------------------------------------
INFO: [Synth 8-6157] synthesizing module 'top' [C:/Users/hari-admin/Documents/Dev/Thesis/BCP_acceleration/ParallelClauseEngine/ParallelClauseEngine.srcs/sources_1/new/top.sv:34]
INFO: [Synth 8-6157] synthesizing module 'ClauseModule' [C:/Users/hari-admin/Documents/Dev/Thesis/BCP_acceleration/ParallelClauseEngine/ParallelClauseEngine.srcs/sources_1/new/ClauseModule.sv:25]
	Parameter CLAUSE_ID bound to: 0 - type: integer 
INFO: [Synth 8-6155] done synthesizing module 'ClauseModule' (0#1) [C:/Users/hari-admin/Documents/Dev/Thesis/BCP_acceleration/ParallelClauseEngine/ParallelClauseEngine.srcs/sources_1/new/ClauseModule.sv:25]
INFO: [Synth 8-6157] synthesizing module 'ClauseModule__parameterized0' [C:/Users/hari-admin/Documents/Dev/Thesis/BCP_acceleration/ParallelClauseEngine/ParallelClauseEngine.srcs/sources_1/new/ClauseModule.sv:25]
	Parameter CLAUSE_ID bound to: 1 - type: integer 
INFO: [Synth 8-6155] done synthesizing module 'ClauseModule__parameterized0' (0#1) [C:/Users/hari-admin/Documents/Dev/Thesis/BCP_acceleration/ParallelClauseEngine/ParallelClauseEngine.srcs/sources_1/new/ClauseModule.sv:25]
INFO: [Synth 8-6157] synthesizing module 'ClauseModule__parameterized1' [C:/Users/hari-admin/Documents/Dev/Thesis/BCP_acceleration/ParallelClauseEngine/ParallelClauseEngine.srcs/sources_1/new/ClauseModule.sv:25]
	Parameter CLAUSE_ID bound to: 2 - type: integer 
INFO: [Synth 8-6155] done synthesizing module 'ClauseModule__parameterized1' (0#1) [C:/Users/hari-admin/Documents/Dev/Thesis/BCP_acceleration/ParallelClauseEngine/ParallelClauseEngine.srcs/sources_1/new/ClauseModule.sv:25]
INFO: [Synth 8-6157] synthesizing module 'ClauseModule__parameterized2' [C:/Users/hari-admin/Documents/Dev/Thesis/BCP_acceleration/ParallelClauseEngine/ParallelClauseEngine.srcs/sources_1/new/ClauseModule.sv:25]
	Parameter CLAUSE_ID bound to: 3 - type: integer 
INFO: [Synth 8-6155] done synthesizing module 'ClauseModule__parameterized2' (0#1) [C:/Users/hari-admin/Documents/Dev/Thesis/BCP_acceleration/ParallelClauseEngine/ParallelClauseEngine.srcs/sources_1/new/ClauseModule.sv:25]
INFO: [Synth 8-6157] synthesizing module 'ClauseModule__parameterized3' [C:/Users/hari-admin/Documents/Dev/Thesis/BCP_acceleration/ParallelClauseEngine/ParallelClauseEngine.srcs/sources_1/new/ClauseModule.sv:25]
	Parameter CLAUSE_ID bound to: 4 - type: integer 
INFO: [Synth 8-6155] done synthesizing module 'ClauseModule__parameterized3' (0#1) [C:/Users/hari-admin/Documents/Dev/Thesis/BCP_acceleration/ParallelClauseEngine/ParallelClauseEngine.srcs/sources_1/new/ClauseModule.sv:25]
INFO: [Synth 8-6157] synthesizing module 'ClauseModule__parameterized4' [C:/Users/hari-admin/Documents/Dev/Thesis/BCP_acceleration/ParallelClauseEngine/ParallelClauseEngine.srcs/sources_1/new/ClauseModule.sv:25]
	Parameter CLAUSE_ID bound to: 5 - type: integer 
INFO: [Synth 8-6155] done synthesizing module 'ClauseModule__parameterized4' (0#1) [C:/Users/hari-admin/Documents/Dev/Thesis/BCP_acceleration/ParallelClauseEngine/ParallelClauseEngine.srcs/sources_1/new/ClauseModule.sv:25]
INFO: [Synth 8-6157] synthesizing module 'ClauseModule__parameterized5' [C:/Users/hari-admin/Documents/Dev/Thesis/BCP_acceleration/ParallelClauseEngine/ParallelClauseEngine.srcs/sources_1/new/ClauseModule.sv:25]
	Parameter CLAUSE_ID bound to: 6 - type: integer 
INFO: [Synth 8-6155] done synthesizing module 'ClauseModule__parameterized5' (0#1) [C:/Users/hari-admin/Documents/Dev/Thesis/BCP_acceleration/ParallelClauseEngine/ParallelClauseEngine.srcs/sources_1/new/ClauseModule.sv:25]
INFO: [Synth 8-6157] synthesizing module 'ClauseModule__parameterized6' [C:/Users/hari-admin/Documents/Dev/Thesis/BCP_acceleration/ParallelClauseEngine/ParallelClauseEngine.srcs/sources_1/new/ClauseModule.sv:25]
	Parameter CLAUSE_ID bound to: 7 - type: integer 
INFO: [Synth 8-6155] done synthesizing module 'ClauseModule__parameterized6' (0#1) [C:/Users/hari-admin/Documents/Dev/Thesis/BCP_acceleration/ParallelClauseEngine/ParallelClauseEngine.srcs/sources_1/new/ClauseModule.sv:25]
INFO: [Synth 8-6157] synthesizing module 'ClauseModule__parameterized7' [C:/Users/hari-admin/Documents/Dev/Thesis/BCP_acceleration/ParallelClauseEngine/ParallelClauseEngine.srcs/sources_1/new/ClauseModule.sv:25]
	Parameter CLAUSE_ID bound to: 8 - type: integer 
INFO: [Synth 8-6155] done synthesizing module 'ClauseModule__parameterized7' (0#1) [C:/Users/hari-admin/Documents/Dev/Thesis/BCP_acceleration/ParallelClauseEngine/ParallelClauseEngine.srcs/sources_1/new/ClauseModule.sv:25]
INFO: [Synth 8-6157] synthesizing module 'ClauseModule__parameterized8' [C:/Users/hari-admin/Documents/Dev/Thesis/BCP_acceleration/ParallelClauseEngine/ParallelClauseEngine.srcs/sources_1/new/ClauseModule.sv:25]
	Parameter CLAUSE_ID bound to: 9 - type: integer 
INFO: [Synth 8-6155] done synthesizing module 'ClauseModule__parameterized8' (0#1) [C:/Users/hari-admin/Documents/Dev/Thesis/BCP_acceleration/ParallelClauseEngine/ParallelClauseEngine.srcs/sources_1/new/ClauseModule.sv:25]
INFO: [Synth 8-6157] synthesizing module 'ClauseModule__parameterized9' [C:/Users/hari-admin/Documents/Dev/Thesis/BCP_acceleration/ParallelClauseEngine/ParallelClauseEngine.srcs/sources_1/new/ClauseModule.sv:25]
	Parameter CLAUSE_ID bound to: 10 - type: integer 
INFO: [Synth 8-6155] done synthesizing module 'ClauseModule__parameterized9' (0#1) [C:/Users/hari-admin/Documents/Dev/Thesis/BCP_acceleration/ParallelClauseEngine/ParallelClauseEngine.srcs/sources_1/new/ClauseModule.sv:25]
INFO: [Synth 8-6157] synthesizing module 'ClauseModule__parameterized10' [C:/Users/hari-admin/Documents/Dev/Thesis/BCP_acceleration/ParallelClauseEngine/ParallelClauseEngine.srcs/sources_1/new/ClauseModule.sv:25]
	Parameter CLAUSE_ID bound to: 11 - type: integer 
INFO: [Synth 8-6155] done synthesizing module 'ClauseModule__parameterized10' (0#1) [C:/Users/hari-admin/Documents/Dev/Thesis/BCP_acceleration/ParallelClauseEngine/ParallelClauseEngine.srcs/sources_1/new/ClauseModule.sv:25]
INFO: [Synth 8-6157] synthesizing module 'ClauseModule__parameterized11' [C:/Users/hari-admin/Documents/Dev/Thesis/BCP_acceleration/ParallelClauseEngine/ParallelClauseEngine.srcs/sources_1/new/ClauseModule.sv:25]
	Parameter CLAUSE_ID bound to: 12 - type: integer 
INFO: [Synth 8-6155] done synthesizing module 'ClauseModule__parameterized11' (0#1) [C:/Users/hari-admin/Documents/Dev/Thesis/BCP_acceleration/ParallelClauseEngine/ParallelClauseEngine.srcs/sources_1/new/ClauseModule.sv:25]
INFO: [Synth 8-6157] synthesizing module 'ClauseModule__parameterized12' [C:/Users/hari-admin/Documents/Dev/Thesis/BCP_acceleration/ParallelClauseEngine/ParallelClauseEngine.srcs/sources_1/new/ClauseModule.sv:25]
	Parameter CLAUSE_ID bound to: 13 - type: integer 
INFO: [Synth 8-6155] done synthesizing module 'ClauseModule__parameterized12' (0#1) [C:/Users/hari-admin/Documents/Dev/Thesis/BCP_acceleration/ParallelClauseEngine/ParallelClauseEngine.srcs/sources_1/new/ClauseModule.sv:25]
INFO: [Synth 8-6157] synthesizing module 'ClauseModule__parameterized13' [C:/Users/hari-admin/Documents/Dev/Thesis/BCP_acceleration/ParallelClauseEngine/ParallelClauseEngine.srcs/sources_1/new/ClauseModule.sv:25]
	Parameter CLAUSE_ID bound to: 14 - type: integer 
INFO: [Synth 8-6155] done synthesizing module 'ClauseModule__parameterized13' (0#1) [C:/Users/hari-admin/Documents/Dev/Thesis/BCP_acceleration/ParallelClauseEngine/ParallelClauseEngine.srcs/sources_1/new/ClauseModule.sv:25]
INFO: [Synth 8-6157] synthesizing module 'ClauseModule__parameterized14' [C:/Users/hari-admin/Documents/Dev/Thesis/BCP_acceleration/ParallelClauseEngine/ParallelClauseEngine.srcs/sources_1/new/ClauseModule.sv:25]
	Parameter CLAUSE_ID bound to: 15 - type: integer 
INFO: [Synth 8-6155] done synthesizing module 'ClauseModule__parameterized14' (0#1) [C:/Users/hari-admin/Documents/Dev/Thesis/BCP_acceleration/ParallelClauseEngine/ParallelClauseEngine.srcs/sources_1/new/ClauseModule.sv:25]
WARNING: [Synth 8-4446] all outputs are unconnected for this instance and logic may be removed [C:/Users/hari-admin/Documents/Dev/Thesis/BCP_acceleration/ParallelClauseEngine/ParallelClauseEngine.srcs/sources_1/new/top.sv:75]
INFO: [Synth 8-6157] synthesizing module 'ImplicationSelector' [C:/Users/hari-admin/Documents/Dev/Thesis/BCP_acceleration/ParallelClauseEngine/ParallelClauseEngine.srcs/sources_1/new/ImplicationSelector.sv:27]
WARNING: [Synth 8-4446] all outputs are unconnected for this instance and logic may be removed [C:/Users/hari-admin/Documents/Dev/Thesis/BCP_acceleration/ParallelClauseEngine/ParallelClauseEngine.srcs/sources_1/new/ImplicationSelector.sv:63]
INFO: [Synth 8-6157] synthesizing module 'ImplicationFIFO' [C:/Users/hari-admin/Documents/Dev/Thesis/BCP_acceleration/ParallelClauseEngine/ParallelClauseEngine.srcs/sources_1/new/ImplicationFIFO.sv:23]
	Parameter FORMULA_MAX_VARIABLE bound to: 4 - type: integer 
	Parameter VARIABLE_ASSIGNMENT_LEN bound to: 2 - type: integer 
	Parameter BUFFER_SIZE bound to: 16 - type: integer 
INFO: [Synth 8-6155] done synthesizing module 'ImplicationFIFO' (0#1) [C:/Users/hari-admin/Documents/Dev/Thesis/BCP_acceleration/ParallelClauseEngine/ParallelClauseEngine.srcs/sources_1/new/ImplicationFIFO.sv:23]
INFO: [Synth 8-6155] done synthesizing module 'ImplicationSelector' (0#1) [C:/Users/hari-admin/Documents/Dev/Thesis/BCP_acceleration/ParallelClauseEngine/ParallelClauseEngine.srcs/sources_1/new/ImplicationSelector.sv:27]
WARNING: [Synth 8-7071] port 'clk_i' of module 'ImplicationSelector' is unconnected for instance 'implicationSelector' [C:/Users/hari-admin/Documents/Dev/Thesis/BCP_acceleration/ParallelClauseEngine/ParallelClauseEngine.srcs/sources_1/new/top.sv:75]
WARNING: [Synth 8-7071] port 'rst_i' of module 'ImplicationSelector' is unconnected for instance 'implicationSelector' [C:/Users/hari-admin/Documents/Dev/Thesis/BCP_acceleration/ParallelClauseEngine/ParallelClauseEngine.srcs/sources_1/new/top.sv:75]
WARNING: [Synth 8-7071] port 'is_unit_i' of module 'ImplicationSelector' is unconnected for instance 'implicationSelector' [C:/Users/hari-admin/Documents/Dev/Thesis/BCP_acceleration/ParallelClauseEngine/ParallelClauseEngine.srcs/sources_1/new/top.sv:75]
WARNING: [Synth 8-7071] port 'implication_variable_ids_i' of module 'ImplicationSelector' is unconnected for instance 'implicationSelector' [C:/Users/hari-admin/Documents/Dev/Thesis/BCP_acceleration/ParallelClauseEngine/ParallelClauseEngine.srcs/sources_1/new/top.sv:75]
WARNING: [Synth 8-7071] port 'implication_assignments_i' of module 'ImplicationSelector' is unconnected for instance 'implicationSelector' [C:/Users/hari-admin/Documents/Dev/Thesis/BCP_acceleration/ParallelClauseEngine/ParallelClauseEngine.srcs/sources_1/new/top.sv:75]
WARNING: [Synth 8-7071] port 'implication_variable_id_o' of module 'ImplicationSelector' is unconnected for instance 'implicationSelector' [C:/Users/hari-admin/Documents/Dev/Thesis/BCP_acceleration/ParallelClauseEngine/ParallelClauseEngine.srcs/sources_1/new/top.sv:75]
WARNING: [Synth 8-7071] port 'inplication_assignment_o' of module 'ImplicationSelector' is unconnected for instance 'implicationSelector' [C:/Users/hari-admin/Documents/Dev/Thesis/BCP_acceleration/ParallelClauseEngine/ParallelClauseEngine.srcs/sources_1/new/top.sv:75]
WARNING: [Synth 8-7023] instance 'implicationSelector' of module 'ImplicationSelector' has 7 connections declared, but only 0 given [C:/Users/hari-admin/Documents/Dev/Thesis/BCP_acceleration/ParallelClauseEngine/ParallelClauseEngine.srcs/sources_1/new/top.sv:75]
INFO: [Synth 8-6155] done synthesizing module 'top' (0#1) [C:/Users/hari-admin/Documents/Dev/Thesis/BCP_acceleration/ParallelClauseEngine/ParallelClauseEngine.srcs/sources_1/new/top.sv:34]
WARNING: [Synth 8-6014] Unused sequential element FIFO_wr_en_reg was removed.  [C:/Users/hari-admin/Documents/Dev/Thesis/BCP_acceleration/ParallelClauseEngine/ParallelClauseEngine.srcs/sources_1/new/ImplicationSelector.sv:103]
WARNING: [Synth 8-3848] Net implication_variable_id_o in module/entity ImplicationSelector does not have driver. [C:/Users/hari-admin/Documents/Dev/Thesis/BCP_acceleration/ParallelClauseEngine/ParallelClauseEngine.srcs/sources_1/new/ImplicationSelector.sv:43]
WARNING: [Synth 8-3848] Net inplication_assignment_o in module/entity ImplicationSelector does not have driver. [C:/Users/hari-admin/Documents/Dev/Thesis/BCP_acceleration/ParallelClauseEngine/ParallelClauseEngine.srcs/sources_1/new/ImplicationSelector.sv:44]
WARNING: [Synth 8-7129] Port implication_variable_id_o[1] in module ImplicationSelector is either unconnected or has no load
WARNING: [Synth 8-7129] Port implication_variable_id_o[0] in module ImplicationSelector is either unconnected or has no load
WARNING: [Synth 8-7129] Port inplication_assignment_o[1] in module ImplicationSelector is either unconnected or has no load
WARNING: [Synth 8-7129] Port inplication_assignment_o[0] in module ImplicationSelector is either unconnected or has no load
WARNING: [Synth 8-7129] Port set_variable_polarity_i[5] in module ClauseModule__parameterized14 is either unconnected or has no load
WARNING: [Synth 8-7129] Port set_variable_polarity_i[3] in module ClauseModule__parameterized14 is either unconnected or has no load
WARNING: [Synth 8-7129] Port set_variable_polarity_i[1] in module ClauseModule__parameterized14 is either unconnected or has no load
WARNING: [Synth 8-7129] Port set_variable_polarity_i[5] in module ClauseModule__parameterized13 is either unconnected or has no load
WARNING: [Synth 8-7129] Port set_variable_polarity_i[3] in module ClauseModule__parameterized13 is either unconnected or has no load
WARNING: [Synth 8-7129] Port set_variable_polarity_i[1] in module ClauseModule__parameterized13 is either unconnected or has no load
WARNING: [Synth 8-7129] Port set_variable_polarity_i[5] in module ClauseModule__parameterized12 is either unconnected or has no load
WARNING: [Synth 8-7129] Port set_variable_polarity_i[3] in module ClauseModule__parameterized12 is either unconnected or has no load
WARNING: [Synth 8-7129] Port set_variable_polarity_i[1] in module ClauseModule__parameterized12 is either unconnected or has no load
WARNING: [Synth 8-7129] Port set_variable_polarity_i[5] in module ClauseModule__parameterized11 is either unconnected or has no load
WARNING: [Synth 8-7129] Port set_variable_polarity_i[3] in module ClauseModule__parameterized11 is either unconnected or has no load
WARNING: [Synth 8-7129] Port set_variable_polarity_i[1] in module ClauseModule__parameterized11 is either unconnected or has no load
WARNING: [Synth 8-7129] Port set_variable_polarity_i[5] in module ClauseModule__parameterized10 is either unconnected or has no load
WARNING: [Synth 8-7129] Port set_variable_polarity_i[3] in module ClauseModule__parameterized10 is either unconnected or has no load
WARNING: [Synth 8-7129] Port set_variable_polarity_i[1] in module ClauseModule__parameterized10 is either unconnected or has no load
WARNING: [Synth 8-7129] Port set_variable_polarity_i[5] in module ClauseModule__parameterized9 is either unconnected or has no load
WARNING: [Synth 8-7129] Port set_variable_polarity_i[3] in module ClauseModule__parameterized9 is either unconnected or has no load
WARNING: [Synth 8-7129] Port set_variable_polarity_i[1] in module ClauseModule__parameterized9 is either unconnected or has no load
WARNING: [Synth 8-7129] Port set_variable_polarity_i[5] in module ClauseModule__parameterized8 is either unconnected or has no load
WARNING: [Synth 8-7129] Port set_variable_polarity_i[3] in module ClauseModule__parameterized8 is either unconnected or has no load
WARNING: [Synth 8-7129] Port set_variable_polarity_i[1] in module ClauseModule__parameterized8 is either unconnected or has no load
WARNING: [Synth 8-7129] Port set_variable_polarity_i[5] in module ClauseModule__parameterized7 is either unconnected or has no load
WARNING: [Synth 8-7129] Port set_variable_polarity_i[3] in module ClauseModule__parameterized7 is either unconnected or has no load
WARNING: [Synth 8-7129] Port set_variable_polarity_i[1] in module ClauseModule__parameterized7 is either unconnected or has no load
WARNING: [Synth 8-7129] Port set_variable_polarity_i[5] in module ClauseModule__parameterized6 is either unconnected or has no load
WARNING: [Synth 8-7129] Port set_variable_polarity_i[3] in module ClauseModule__parameterized6 is either unconnected or has no load
WARNING: [Synth 8-7129] Port set_variable_polarity_i[1] in module ClauseModule__parameterized6 is either unconnected or has no load
WARNING: [Synth 8-7129] Port set_variable_polarity_i[5] in module ClauseModule__parameterized5 is either unconnected or has no load
WARNING: [Synth 8-7129] Port set_variable_polarity_i[3] in module ClauseModule__parameterized5 is either unconnected or has no load
WARNING: [Synth 8-7129] Port set_variable_polarity_i[1] in module ClauseModule__parameterized5 is either unconnected or has no load
WARNING: [Synth 8-7129] Port set_variable_polarity_i[5] in module ClauseModule__parameterized4 is either unconnected or has no load
WARNING: [Synth 8-7129] Port set_variable_polarity_i[3] in module ClauseModule__parameterized4 is either unconnected or has no load
WARNING: [Synth 8-7129] Port set_variable_polarity_i[1] in module ClauseModule__parameterized4 is either unconnected or has no load
WARNING: [Synth 8-7129] Port set_variable_polarity_i[5] in module ClauseModule__parameterized3 is either unconnected or has no load
WARNING: [Synth 8-7129] Port set_variable_polarity_i[3] in module ClauseModule__parameterized3 is either unconnected or has no load
WARNING: [Synth 8-7129] Port set_variable_polarity_i[1] in module ClauseModule__parameterized3 is either unconnected or has no load
WARNING: [Synth 8-7129] Port set_variable_polarity_i[5] in module ClauseModule__parameterized2 is either unconnected or has no load
WARNING: [Synth 8-7129] Port set_variable_polarity_i[3] in module ClauseModule__parameterized2 is either unconnected or has no load
WARNING: [Synth 8-7129] Port set_variable_polarity_i[1] in module ClauseModule__parameterized2 is either unconnected or has no load
WARNING: [Synth 8-7129] Port set_variable_polarity_i[5] in module ClauseModule__parameterized1 is either unconnected or has no load
WARNING: [Synth 8-7129] Port set_variable_polarity_i[3] in module ClauseModule__parameterized1 is either unconnected or has no load
WARNING: [Synth 8-7129] Port set_variable_polarity_i[1] in module ClauseModule__parameterized1 is either unconnected or has no load
WARNING: [Synth 8-7129] Port set_variable_polarity_i[5] in module ClauseModule__parameterized0 is either unconnected or has no load
WARNING: [Synth 8-7129] Port set_variable_polarity_i[3] in module ClauseModule__parameterized0 is either unconnected or has no load
WARNING: [Synth 8-7129] Port set_variable_polarity_i[1] in module ClauseModule__parameterized0 is either unconnected or has no load
WARNING: [Synth 8-7129] Port set_variable_polarity_i[5] in module ClauseModule is either unconnected or has no load
WARNING: [Synth 8-7129] Port set_variable_polarity_i[3] in module ClauseModule is either unconnected or has no load
WARNING: [Synth 8-7129] Port set_variable_polarity_i[1] in module ClauseModule is either unconnected or has no load
---------------------------------------------------------------------------------
Finished Synthesize : Time (s): cpu = 00:00:10 ; elapsed = 00:00:11 . Memory (MB): peak = 1948.039 ; gain = 515.156
---------------------------------------------------------------------------------
---------------------------------------------------------------------------------
Finished Constraint Validation : Time (s): cpu = 00:00:11 ; elapsed = 00:00:12 . Memory (MB): peak = 1948.039 ; gain = 515.156
---------------------------------------------------------------------------------
---------------------------------------------------------------------------------
Start Loading Part and Timing Information
---------------------------------------------------------------------------------
Loading part: xc7z007sclg400-1
---------------------------------------------------------------------------------
Finished Loading Part and Timing Information : Time (s): cpu = 00:00:11 ; elapsed = 00:00:12 . Memory (MB): peak = 1948.039 ; gain = 515.156
---------------------------------------------------------------------------------
INFO: [Device 21-403] Loading part xc7z007sclg400-1
---------------------------------------------------------------------------------
Finished RTL Optimization Phase 2 : Time (s): cpu = 00:00:13 ; elapsed = 00:00:13 . Memory (MB): peak = 1948.039 ; gain = 515.156
---------------------------------------------------------------------------------
No constraint files found.
---------------------------------------------------------------------------------
Start RTL Component Statistics 
---------------------------------------------------------------------------------
Detailed RTL Component Info : 
+---Adders : 
	   2 Input    4 Bit       Adders := 3     
	   3 Input    4 Bit       Adders := 1     
+---Registers : 
	                4 Bit    Registers := 4     
	                2 Bit    Registers := 98    
	                1 Bit    Registers := 48    
+---RAMs : 
	               64 Bit	(16 X 4 bit)          RAMs := 1     
+---Muxes : 
	   2 Input    4 Bit        Muxes := 10    
	   2 Input    2 Bit        Muxes := 160   
	   4 Input    2 Bit        Muxes := 16    
	   2 Input    1 Bit        Muxes := 24    
	   4 Input    1 Bit        Muxes := 16    
---------------------------------------------------------------------------------
Finished RTL Component Statistics 
---------------------------------------------------------------------------------
---------------------------------------------------------------------------------
Start Part Resource Summary
---------------------------------------------------------------------------------
Part Resources:
DSPs: 66 (col length:40)
BRAMs: 100 (col length: RAMB18 40 RAMB36 20)
---------------------------------------------------------------------------------
Finished Part Resource Summary
---------------------------------------------------------------------------------
No constraint files found.
---------------------------------------------------------------------------------
Start Cross Boundary and Area Optimization
---------------------------------------------------------------------------------
WARNING: [Synth 8-7080] Parallel synthesis criteria is not met
WARNING: [Synth 8-6014] Unused sequential element implicationSelector/implicationFIFO/FIFO_reg was removed. 
WARNING: [Synth 8-7129] Port clk_i in module top is either unconnected or has no load
WARNING: [Synth 8-7129] Port rst_i in module top is either unconnected or has no load
---------------------------------------------------------------------------------
Finished Cross Boundary and Area Optimization : Time (s): cpu = 00:00:20 ; elapsed = 00:00:24 . Memory (MB): peak = 2130.438 ; gain = 697.555
---------------------------------------------------------------------------------
No constraint files found.
---------------------------------------------------------------------------------
Start Timing Optimization
---------------------------------------------------------------------------------
---------------------------------------------------------------------------------
Finished Timing Optimization : Time (s): cpu = 00:00:20 ; elapsed = 00:00:24 . Memory (MB): peak = 2130.438 ; gain = 697.555
---------------------------------------------------------------------------------
---------------------------------------------------------------------------------
Start Technology Mapping
---------------------------------------------------------------------------------
---------------------------------------------------------------------------------
Finished Technology Mapping : Time (s): cpu = 00:00:20 ; elapsed = 00:00:24 . Memory (MB): peak = 2130.438 ; gain = 697.555
---------------------------------------------------------------------------------
---------------------------------------------------------------------------------
Start IO Insertion
---------------------------------------------------------------------------------
---------------------------------------------------------------------------------
Start Flattening Before IO Insertion
---------------------------------------------------------------------------------
---------------------------------------------------------------------------------
Finished Flattening Before IO Insertion
---------------------------------------------------------------------------------
---------------------------------------------------------------------------------
Start Final Netlist Cleanup
---------------------------------------------------------------------------------
---------------------------------------------------------------------------------
Finished Final Netlist Cleanup
---------------------------------------------------------------------------------
---------------------------------------------------------------------------------
Finished IO Insertion : Time (s): cpu = 00:00:27 ; elapsed = 00:00:30 . Memory (MB): peak = 2130.438 ; gain = 697.555
---------------------------------------------------------------------------------
---------------------------------------------------------------------------------
Start Renaming Generated Instances
---------------------------------------------------------------------------------
---------------------------------------------------------------------------------
Finished Renaming Generated Instances : Time (s): cpu = 00:00:27 ; elapsed = 00:00:30 . Memory (MB): peak = 2130.438 ; gain = 697.555
---------------------------------------------------------------------------------
---------------------------------------------------------------------------------
Start Rebuilding User Hierarchy
---------------------------------------------------------------------------------
---------------------------------------------------------------------------------
Finished Rebuilding User Hierarchy : Time (s): cpu = 00:00:27 ; elapsed = 00:00:30 . Memory (MB): peak = 2130.438 ; gain = 697.555
---------------------------------------------------------------------------------
---------------------------------------------------------------------------------
Start Renaming Generated Ports
---------------------------------------------------------------------------------
---------------------------------------------------------------------------------
Finished Renaming Generated Ports : Time (s): cpu = 00:00:27 ; elapsed = 00:00:30 . Memory (MB): peak = 2130.438 ; gain = 697.555
---------------------------------------------------------------------------------
---------------------------------------------------------------------------------
Start Handling Custom Attributes
---------------------------------------------------------------------------------
---------------------------------------------------------------------------------
Finished Handling Custom Attributes : Time (s): cpu = 00:00:27 ; elapsed = 00:00:30 . Memory (MB): peak = 2130.438 ; gain = 697.555
---------------------------------------------------------------------------------
---------------------------------------------------------------------------------
Start Renaming Generated Nets
---------------------------------------------------------------------------------
---------------------------------------------------------------------------------
Finished Renaming Generated Nets : Time (s): cpu = 00:00:27 ; elapsed = 00:00:30 . Memory (MB): peak = 2130.438 ; gain = 697.555
---------------------------------------------------------------------------------
---------------------------------------------------------------------------------
Start Writing Synthesis Report
---------------------------------------------------------------------------------

Report BlackBoxes: 
+-+--------------+----------+
| |BlackBox name |Instances |
+-+--------------+----------+
+-+--------------+----------+

Report Cell Usage: 
+-+-----+------+
| |Cell |Count |
+-+-----+------+
+-+-----+------+

Report Instance Areas: 
+------+---------+-------+------+
|      |Instance |Module |Cells |
+------+---------+-------+------+
|1     |top      |       |     0|
+------+---------+-------+------+
---------------------------------------------------------------------------------
Finished Writing Synthesis Report : Time (s): cpu = 00:00:27 ; elapsed = 00:00:30 . Memory (MB): peak = 2130.438 ; gain = 697.555
---------------------------------------------------------------------------------
Synthesis finished with 0 errors, 0 critical warnings and 69 warnings.
Synthesis Optimization Runtime : Time (s): cpu = 00:00:27 ; elapsed = 00:00:30 . Memory (MB): peak = 2130.438 ; gain = 697.555
Synthesis Optimization Complete : Time (s): cpu = 00:00:27 ; elapsed = 00:00:30 . Memory (MB): peak = 2130.438 ; gain = 697.555
INFO: [Project 1-571] Translating synthesized netlist
Netlist sorting complete. Time (s): cpu = 00:00:00 ; elapsed = 00:00:00 . Memory (MB): peak = 2130.438 ; gain = 0.000
INFO: [Project 1-570] Preparing netlist for logic optimization
INFO: [Opt 31-138] Pushed 0 inverter(s) to 0 load pin(s).
Netlist sorting complete. Time (s): cpu = 00:00:00 ; elapsed = 00:00:00 . Memory (MB): peak = 2231.875 ; gain = 0.000
INFO: [Project 1-111] Unisim Transformation Summary:
No Unisim elements were transformed.

Synth Design complete, checksum: 1972091f
INFO: [Common 17-83] Releasing license: Synthesis
56 Infos, 70 Warnings, 0 Critical Warnings and 0 Errors encountered.
synth_design completed successfully
synth_design: Time (s): cpu = 00:00:30 ; elapsed = 00:00:33 . Memory (MB): peak = 2231.875 ; gain = 809.566
INFO: [Common 17-1381] The checkpoint 'C:/Users/hari-admin/Documents/Dev/Thesis/BCP_acceleration/ParallelClauseEngine/ParallelClauseEngine.runs/synth_1/top.dcp' has been generated.
INFO: [runtcl-4] Executing : report_utilization -file top_utilization_synth.rpt -pb top_utilization_synth.pb
INFO: [Common 17-206] Exiting Vivado at Tue Aug  8 15:17:24 2023...
