Vivado Simulator v2022.2
Copyright 1986-1999, 2001-2022 Xilinx, Inc. All Rights Reserved.
Running: /tools/Xilinx/Vivado/2022.2/bin/unwrapped/lnx64.o/xelab --incr --debug typical --relax --mt 8 -L xil_defaultlib -L uvm -L unisims_ver -L unimacro_ver -L secureip --snapshot AXI_top_tb_behav xil_defaultlib.AXI_top_tb xil_defaultlib.glbl -log elaborate.log 
Using 8 slave threads.
Starting static elaboration
Pass Through NonSizing Optimizer
WARNING: [VRFC 10-3091] actual bit length 32 differs from formal bit length 6 for port 'axi_reg5_o' [/home/harigovind/Documents/dev/thesis/FPGA_BCP_acceleration/ip_repo/BCP_accelerator_2_0/hdl/BCP_accelerator_v2_0_S01_AXI.v:468]
WARNING: [VRFC 10-3091] actual bit length 1 differs from formal bit length 5 for port 'implication_variable_id_o' [/home/harigovind/Documents/dev/thesis/FPGA_BCP_acceleration/ip_repo/BCP_accelerator_2_0/hdl/top.sv:177]
WARNING: [VRFC 10-3091] actual bit length 1 differs from formal bit length 5 for port 'decision_variable_id_i' [/home/harigovind/Documents/dev/thesis/FPGA_BCP_acceleration/ip_repo/BCP_accelerator_2_0/hdl/top.sv:148]
Completed static elaboration
Starting simulation data flow analysis
Completed simulation data flow analysis
Time Resolution for simulation is 1ps
Compiling module xil_defaultlib.ClauseModule(MAX_VARIABLE_ID=20,...
Compiling module xil_defaultlib.ClauseModule(MAX_VARIABLE_ID=20,...
Compiling module xil_defaultlib.ClauseModule(MAX_VARIABLE_ID=20,...
Compiling module xil_defaultlib.ClauseModule(MAX_VARIABLE_ID=20,...
Compiling module xil_defaultlib.ClauseModule(MAX_VARIABLE_ID=20,...
Compiling module xil_defaultlib.ClauseModule(MAX_VARIABLE_ID=20,...
Compiling module xil_defaultlib.ClauseModule(MAX_VARIABLE_ID=20,...
Compiling module xil_defaultlib.ClauseModule(MAX_VARIABLE_ID=20,...
Compiling module xil_defaultlib.ClauseModule(MAX_VARIABLE_ID=20,...
Compiling module xil_defaultlib.ClauseModule(MAX_VARIABLE_ID=20,...
Compiling module xil_defaultlib.ClauseModule(MAX_VARIABLE_ID=20,...
Compiling module xil_defaultlib.ClauseModule(MAX_VARIABLE_ID=20,...
Compiling module xil_defaultlib.ClauseModule(MAX_VARIABLE_ID=20,...
Compiling module xil_defaultlib.ClauseModule(MAX_VARIABLE_ID=20,...
Compiling module xil_defaultlib.ClauseModule(MAX_VARIABLE_ID=20,...
Compiling module xil_defaultlib.ClauseModule(MAX_VARIABLE_ID=20,...
Compiling module xil_defaultlib.ClauseModule(MAX_VARIABLE_ID=20,...
Compiling module xil_defaultlib.ClauseModule(MAX_VARIABLE_ID=20,...
Compiling module xil_defaultlib.ClauseModule(MAX_VARIABLE_ID=20,...
Compiling module xil_defaultlib.ClauseModule(MAX_VARIABLE_ID=20,...
Compiling module xil_defaultlib.ClauseModule(MAX_VARIABLE_ID=20,...
Compiling module xil_defaultlib.ClauseModule(MAX_VARIABLE_ID=20,...
Compiling module xil_defaultlib.ClauseModule(MAX_VARIABLE_ID=20,...
Compiling module xil_defaultlib.ClauseModule(MAX_VARIABLE_ID=20,...
Compiling module xil_defaultlib.ClauseModule(MAX_VARIABLE_ID=20,...
Compiling module xil_defaultlib.ClauseModule(MAX_VARIABLE_ID=20,...
Compiling module xil_defaultlib.ClauseModule(MAX_VARIABLE_ID=20,...
Compiling module xil_defaultlib.ClauseModule(MAX_VARIABLE_ID=20,...
Compiling module xil_defaultlib.ClauseModule(MAX_VARIABLE_ID=20,...
Compiling module xil_defaultlib.ClauseModule(MAX_VARIABLE_ID=20,...
Compiling module xil_defaultlib.ClauseModule(MAX_VARIABLE_ID=20,...
Compiling module xil_defaultlib.ClauseModule(MAX_VARIABLE_ID=20,...
Compiling module xil_defaultlib.ClauseModule(MAX_VARIABLE_ID=20,...
Compiling module xil_defaultlib.ClauseModule(MAX_VARIABLE_ID=20,...
Compiling module xil_defaultlib.ClauseModule(MAX_VARIABLE_ID=20,...
Compiling module xil_defaultlib.ClauseModule(MAX_VARIABLE_ID=20,...
Compiling module xil_defaultlib.ClauseModule(MAX_VARIABLE_ID=20,...
Compiling module xil_defaultlib.ClauseModule(MAX_VARIABLE_ID=20,...
Compiling module xil_defaultlib.ClauseModule(MAX_VARIABLE_ID=20,...
Compiling module xil_defaultlib.ClauseModule(MAX_VARIABLE_ID=20,...
Compiling module xil_defaultlib.ClauseModule(MAX_VARIABLE_ID=20,...
Compiling module xil_defaultlib.ClauseModule(MAX_VARIABLE_ID=20,...
Compiling module xil_defaultlib.ClauseModule(MAX_VARIABLE_ID=20,...
Compiling module xil_defaultlib.ClauseModule(MAX_VARIABLE_ID=20,...
Compiling module xil_defaultlib.ClauseModule(MAX_VARIABLE_ID=20,...
Compiling module xil_defaultlib.ClauseModule(MAX_VARIABLE_ID=20,...
Compiling module xil_defaultlib.ClauseModule(MAX_VARIABLE_ID=20,...
Compiling module xil_defaultlib.ClauseModule(MAX_VARIABLE_ID=20,...
Compiling module xil_defaultlib.ClauseModule(MAX_VARIABLE_ID=20,...
Compiling module xil_defaultlib.ClauseModule(MAX_VARIABLE_ID=20,...
Compiling module xil_defaultlib.ClauseModule(MAX_VARIABLE_ID=20,...
Compiling module xil_defaultlib.ClauseModule(MAX_VARIABLE_ID=20,...
Compiling module xil_defaultlib.ClauseModule(MAX_VARIABLE_ID=20,...
Compiling module xil_defaultlib.ClauseModule(MAX_VARIABLE_ID=20,...
Compiling module xil_defaultlib.ClauseModule(MAX_VARIABLE_ID=20,...
Compiling module xil_defaultlib.ClauseModule(MAX_VARIABLE_ID=20,...
Compiling module xil_defaultlib.ClauseModule(MAX_VARIABLE_ID=20,...
Compiling module xil_defaultlib.ClauseModule(MAX_VARIABLE_ID=20,...
Compiling module xil_defaultlib.ClauseModule(MAX_VARIABLE_ID=20,...
Compiling module xil_defaultlib.ClauseModule(MAX_VARIABLE_ID=20,...
Compiling module xil_defaultlib.ClauseModule(MAX_VARIABLE_ID=20,...
Compiling module xil_defaultlib.ClauseModule(MAX_VARIABLE_ID=20,...
Compiling module xil_defaultlib.ClauseModule(MAX_VARIABLE_ID=20,...
Compiling module xil_defaultlib.ClauseModule(MAX_VARIABLE_ID=20,...
Compiling module xil_defaultlib.ClauseModule(MAX_VARIABLE_ID=20,...
Compiling module xil_defaultlib.ClauseModule(MAX_VARIABLE_ID=20,...
Compiling module xil_defaultlib.ClauseModule(MAX_VARIABLE_ID=20,...
Compiling module xil_defaultlib.ClauseModule(MAX_VARIABLE_ID=20,...
Compiling module xil_defaultlib.ClauseModule(MAX_VARIABLE_ID=20,...
Compiling module xil_defaultlib.ClauseModule(MAX_VARIABLE_ID=20,...
Compiling module xil_defaultlib.ClauseModule(MAX_VARIABLE_ID=20,...
Compiling module xil_defaultlib.ClauseModule(MAX_VARIABLE_ID=20,...
Compiling module xil_defaultlib.ClauseModule(MAX_VARIABLE_ID=20,...
Compiling module xil_defaultlib.ClauseModule(MAX_VARIABLE_ID=20,...
Compiling module xil_defaultlib.ClauseModule(MAX_VARIABLE_ID=20,...
Compiling module xil_defaultlib.ClauseModule(MAX_VARIABLE_ID=20,...
Compiling module xil_defaultlib.ClauseModule(MAX_VARIABLE_ID=20,...
Compiling module xil_defaultlib.ClauseModule(MAX_VARIABLE_ID=20,...
Compiling module xil_defaultlib.ClauseModule(MAX_VARIABLE_ID=20,...
Compiling module xil_defaultlib.ClauseModule(MAX_VARIABLE_ID=20,...
Compiling module xil_defaultlib.ClauseModule(MAX_VARIABLE_ID=20,...
Compiling module xil_defaultlib.ClauseModule(MAX_VARIABLE_ID=20,...
Compiling module xil_defaultlib.ClauseModule(MAX_VARIABLE_ID=20,...
Compiling module xil_defaultlib.ClauseModule(MAX_VARIABLE_ID=20,...
Compiling module xil_defaultlib.ClauseModule(MAX_VARIABLE_ID=20,...
Compiling module xil_defaultlib.ClauseModule(MAX_VARIABLE_ID=20,...
Compiling module xil_defaultlib.ClauseModule(MAX_VARIABLE_ID=20,...
Compiling module xil_defaultlib.ClauseModule(MAX_VARIABLE_ID=20,...
Compiling module xil_defaultlib.ClauseModule(MAX_VARIABLE_ID=20,...
Compiling module xil_defaultlib.ClauseModule(MAX_VARIABLE_ID=20,...
Compiling module xil_defaultlib.ClauseModule(MAX_VARIABLE_ID=20,...
Compiling module xil_defaultlib.ImplicationSelector(FORMULA_MAX_...
Compiling module xil_defaultlib.top_default
Compiling module xil_defaultlib.BCP_accelerator_v2_0_S01_AXI(C_S...
Compiling module xil_defaultlib.AXI_top_tb
Compiling module xil_defaultlib.glbl
Built simulation snapshot AXI_top_tb_behav
