Copyright 1986-2022 Xilinx, Inc. All Rights Reserved.
------------------------------------------------------------------------------------
| Tool Version : Vivado v.2022.2 (lin64) Build 3671981 Fri Oct 14 04:59:54 MDT 2022
| Date         : Wed Sep 20 20:35:09 2023
| Host         : harigovind-MS-7C91 running 64-bit Ubuntu 22.04.3 LTS
| Command      : upgrade_ip
| Device       : xc7z007sclg400-1
------------------------------------------------------------------------------------

Upgrade Log for IP 'design_1_BCP_accelerator_0_0'

1. Summary
----------

CAUTION (success, with warnings) in the upgrade of design_1_BCP_accelerator_0_0 (carleton.ca:user:BCP_accelerator:2.0) from (Rev. 18) to (Rev. 19)

After upgrade, an IP may have parameter and port differences compared to the original customization. Please review the parameters within the IP customization GUI to ensure proper functionality. Also, please review the updated IP instantiation template to ensure proper connectivity, and update your design if required.

2. Connection Warnings
----------------------

Detected external port differences while upgrading 'design_1_BCP_accelerator_0_0'. These changes may impact your design.


-Upgrade has removed port 'axi_lite_fpga_status_code'

-Upgrade has added port 'fpga_status_led'







Copyright 1986-2022 Xilinx, Inc. All Rights Reserved.
------------------------------------------------------------------------------------
| Tool Version : Vivado v.2022.2 (lin64) Build 3671981 Fri Oct 14 04:59:54 MDT 2022
| Date         : Wed Sep 20 20:19:13 2023
| Host         : harigovind-MS-7C91 running 64-bit Ubuntu 22.04.3 LTS
| Command      : upgrade_ip
| Device       : xc7z007sclg400-1
------------------------------------------------------------------------------------

Upgrade Log for IP 'design_1_BCP_accelerator_0_0'

1. Summary
----------

SUCCESS in the upgrade of design_1_BCP_accelerator_0_0 (carleton.ca:user:BCP_accelerator:2.0) from (Rev. 17) to (Rev. 18)






Copyright 1986-2022 Xilinx, Inc. All Rights Reserved.
------------------------------------------------------------------------------------
| Tool Version : Vivado v.2022.2 (lin64) Build 3671981 Fri Oct 14 04:59:54 MDT 2022
| Date         : Wed Sep 20 20:16:44 2023
| Host         : harigovind-MS-7C91 running 64-bit Ubuntu 22.04.3 LTS
| Command      : upgrade_ip
| Device       : xc7z007sclg400-1
------------------------------------------------------------------------------------

Upgrade Log for IP 'design_1_BCP_accelerator_0_0'

1. Summary
----------

CAUTION (success, with warnings) in the upgrade of design_1_BCP_accelerator_0_0 (carleton.ca:user:BCP_accelerator:2.0) from (Rev. 16) to (Rev. 17)

After upgrade, an IP may have parameter and port differences compared to the original customization. Please review the parameters within the IP customization GUI to ensure proper functionality. Also, please review the updated IP instantiation template to ensure proper connectivity, and update your design if required.

2. Connection Warnings
----------------------

Detected external port differences while upgrading 'design_1_BCP_accelerator_0_0'. These changes may impact your design.


-Upgrade has added port 'axi_lite_fpga_status_code'







Copyright 1986-2022 Xilinx, Inc. All Rights Reserved.
------------------------------------------------------------------------------------
| Tool Version : Vivado v.2022.2 (lin64) Build 3671981 Fri Oct 14 04:59:54 MDT 2022
| Date         : Wed Sep 20 20:13:26 2023
| Host         : harigovind-MS-7C91 running 64-bit Ubuntu 22.04.3 LTS
| Command      : upgrade_ip
| Device       : xc7z007sclg400-1
------------------------------------------------------------------------------------

Upgrade Log for IP 'design_1_BCP_accelerator_0_0'

1. Summary
----------

SUCCESS in the upgrade of design_1_BCP_accelerator_0_0 (carleton.ca:user:BCP_accelerator:2.0) from (Rev. 15) to (Rev. 16)






Copyright 1986-2022 Xilinx, Inc. All Rights Reserved.
------------------------------------------------------------------------------------
| Tool Version : Vivado v.2022.2 (lin64) Build 3671981 Fri Oct 14 04:59:54 MDT 2022
| Date         : Mon Sep 18 14:32:00 2023
| Host         : harigovind-MS-7C91 running 64-bit Ubuntu 22.04.2 LTS
| Command      : upgrade_ip
| Device       : xc7z007sclg400-1
------------------------------------------------------------------------------------

Upgrade Log for IP 'design_1_BCP_accelerator_0_0'

1. Summary
----------

SUCCESS in the upgrade of design_1_BCP_accelerator_0_0 (carleton.ca:user:BCP_accelerator:2.0) from (Rev. 14) to (Rev. 15)






Copyright 1986-2022 Xilinx, Inc. All Rights Reserved.
------------------------------------------------------------------------------------
| Tool Version : Vivado v.2022.2 (lin64) Build 3671981 Fri Oct 14 04:59:54 MDT 2022
| Date         : Mon Sep 18 12:48:15 2023
| Host         : harigovind-MS-7C91 running 64-bit Ubuntu 22.04.2 LTS
| Command      : upgrade_ip
| Device       : xc7z007sclg400-1
------------------------------------------------------------------------------------

Upgrade Log for IP 'design_1_BCP_accelerator_0_0'

1. Summary
----------

CAUTION (success, with warnings) in the upgrade of design_1_BCP_accelerator_0_0 (carleton.ca:user:BCP_accelerator:2.0) from (Rev. 13) to (Rev. 14)

After upgrade, an IP may have parameter and port differences compared to the original customization. Please review the parameters within the IP customization GUI to ensure proper functionality. Also, please review the updated IP instantiation template to ensure proper connectivity, and update your design if required.

2. Connection Warnings
----------------------

Detected external port differences while upgrading 'design_1_BCP_accelerator_0_0'. These changes may impact your design.


-Upgrade has removed port 'led_on_indicator'

-Upgrade has added port 'op_indicator_led'







Copyright 1986-2022 Xilinx, Inc. All Rights Reserved.
------------------------------------------------------------------------------------
| Tool Version : Vivado v.2022.2 (lin64) Build 3671981 Fri Oct 14 04:59:54 MDT 2022
| Date         : Thu Sep 14 15:37:05 2023
| Host         : harigovind-MS-7C91 running 64-bit Ubuntu 22.04.2 LTS
| Command      : upgrade_ip
| Device       : xc7z007sclg400-1
------------------------------------------------------------------------------------

Upgrade Log for IP 'design_1_BCP_accelerator_0_0'

1. Summary
----------

SUCCESS in the upgrade of design_1_BCP_accelerator_0_0 (carleton.ca:user:BCP_accelerator:2.0) from (Rev. 12) to (Rev. 13)






Copyright 1986-2022 Xilinx, Inc. All Rights Reserved.
------------------------------------------------------------------------------------
| Tool Version : Vivado v.2022.2 (lin64) Build 3671981 Fri Oct 14 04:59:54 MDT 2022
| Date         : Wed Sep 13 12:36:58 2023
| Host         : harigovind-MS-7C91 running 64-bit Ubuntu 22.04.2 LTS
| Command      : upgrade_ip
| Device       : xc7z007sclg400-1
------------------------------------------------------------------------------------

Upgrade Log for IP 'design_1_BCP_accelerator_0_0'

1. Summary
----------

SUCCESS in the upgrade of design_1_BCP_accelerator_0_0 (carleton.ca:user:BCP_accelerator:2.0) from (Rev. 8) to (Rev. 12)






Copyright 1986-2022 Xilinx, Inc. All Rights Reserved.
------------------------------------------------------------------------------------
| Tool Version : Vivado v.2022.2 (win64) Build 3671981 Fri Oct 14 05:00:03 MDT 2022
| Date         : Mon Sep 11 13:48:32 2023
| Host         : inm-10 running 64-bit major release  (build 9200)
| Command      : upgrade_ip
| Device       : xc7z007sclg400-1
------------------------------------------------------------------------------------

Upgrade Log for IP 'design_1_BCP_accelerator_0_0'

1. Summary
----------

SUCCESS in the upgrade of design_1_BCP_accelerator_0_0 (carleton.ca:user:BCP_accelerator:2.0) from (Rev. 7) to (Rev. 8)






Copyright 1986-2022 Xilinx, Inc. All Rights Reserved.
------------------------------------------------------------------------------------
| Tool Version : Vivado v.2022.2 (win64) Build 3671981 Fri Oct 14 05:00:03 MDT 2022
| Date         : Thu Sep  7 20:35:06 2023
| Host         : inm-10 running 64-bit major release  (build 9200)
| Command      : upgrade_ip
| Device       : xc7z007sclg400-1
------------------------------------------------------------------------------------

Upgrade Log for IP 'design_1_BCP_accelerator_0_0'

1. Summary
----------

SUCCESS in the upgrade of design_1_BCP_accelerator_0_0 (carleton.ca:user:BCP_accelerator:2.0) from (Rev. 6) to (Rev. 7)






Copyright 1986-2022 Xilinx, Inc. All Rights Reserved.
------------------------------------------------------------------------------------
| Tool Version : Vivado v.2022.2 (win64) Build 3671981 Fri Oct 14 05:00:03 MDT 2022
| Date         : Wed Sep  6 16:21:07 2023
| Host         : inm-10 running 64-bit major release  (build 9200)
| Command      : upgrade_ip
| Device       : xc7z007sclg400-1
------------------------------------------------------------------------------------

Upgrade Log for IP 'design_1_BCP_accelerator_0_0'

1. Summary
----------

SUCCESS in the upgrade of design_1_BCP_accelerator_0_0 (carleton.ca:user:BCP_accelerator:2.0) from (Rev. 5) to (Rev. 6)

