
*** Running vivado
    with args -log design_1_rst_ps7_0_50M_0.vds -m64 -product Vivado -mode batch -messageDb vivado.pb -notrace -source design_1_rst_ps7_0_50M_0.tcl


****** Vivado v2022.2 (64-bit)
  **** SW Build 3671981 on Fri Oct 14 04:59:54 MDT 2022
  **** IP Build 3669848 on Fri Oct 14 08:30:02 MDT 2022
    ** Copyright 1986-2022 Xilinx, Inc. All Rights Reserved.

source design_1_rst_ps7_0_50M_0.tcl -notrace
INFO: [IP_Flow 19-234] Refreshing IP repositories
INFO: [IP_Flow 19-1700] Loaded user IP repository '/home/harigovind/Documents/dev/thesis/FPGA_BCP_acceleration/ip_repo/BCP_accelerator_2_0'.
INFO: [IP_Flow 19-1700] Loaded user IP repository '/home/harigovind/Documents/dev/thesis/FPGA_BCP_acceleration/ip_repo/BCP_accelerator_1_0'.
INFO: [IP_Flow 19-2313] Loaded Vivado IP repository '/tools/Xilinx/Vivado/2022.2/data/ip'.
INFO: [IP_Flow 19-6924] IPCACHE: Running cache check for IP inst: design_1_rst_ps7_0_50M_0
Command: synth_design -top design_1_rst_ps7_0_50M_0 -part xc7z007sclg400-1 -incremental_mode off -mode out_of_context
Starting synth_design
Attempting to get a license for feature 'Synthesis' and/or device 'xc7z007s'
INFO: [Common 17-349] Got license for feature 'Synthesis' and/or device 'xc7z007s'
INFO: [Device 21-403] Loading part xc7z007sclg400-1
INFO: [Synth 8-7079] Multithreading enabled for synth_design using a maximum of 4 processes.
INFO: [Synth 8-7078] Launching helper process for spawning children vivado processes
INFO: [Synth 8-7075] Helper process launched with PID 22773
INFO: [Synth 8-11241] undeclared symbol 'REGCCE', assumed default net type 'wire' [/tools/Xilinx/Vivado/2022.2/data/verilog/src/unimacro/BRAM_SINGLE_MACRO.v:2170]
---------------------------------------------------------------------------------
Starting RTL Elaboration : Time (s): cpu = 00:00:03 ; elapsed = 00:00:04 . Memory (MB): peak = 2417.941 ; gain = 373.770 ; free physical = 345 ; free virtual = 4090
Synthesis current peak Physical Memory [PSS] (MB): peak = 1656.914; parent = 1519.178; children = 137.736
Synthesis current peak Virtual Memory [VSS] (MB): peak = 3383.051; parent = 2421.914; children = 961.137
---------------------------------------------------------------------------------
INFO: [Synth 8-638] synthesizing module 'design_1_rst_ps7_0_50M_0' [/home/harigovind/Documents/dev/thesis/FPGA_BCP_acceleration/ip_packing/ip_packing.gen/sources_1/bd/design_1/ip/design_1_rst_ps7_0_50M_0/synth/design_1_rst_ps7_0_50M_0.vhd:74]
	Parameter C_FAMILY bound to: zynq - type: string 
	Parameter C_EXT_RST_WIDTH bound to: 4 - type: integer 
	Parameter C_AUX_RST_WIDTH bound to: 4 - type: integer 
	Parameter C_EXT_RESET_HIGH bound to: 1'b0 
	Parameter C_AUX_RESET_HIGH bound to: 1'b0 
	Parameter C_NUM_BUS_RST bound to: 1 - type: integer 
	Parameter C_NUM_PERP_RST bound to: 1 - type: integer 
	Parameter C_NUM_INTERCONNECT_ARESETN bound to: 1 - type: integer 
	Parameter C_NUM_PERP_ARESETN bound to: 1 - type: integer 
INFO: [Synth 8-3491] module 'proc_sys_reset' declared at '/home/harigovind/Documents/dev/thesis/FPGA_BCP_acceleration/ip_packing/ip_packing.gen/sources_1/bd/design_1/ipshared/8842/hdl/proc_sys_reset_v5_0_vh_rfs.vhd:1264' bound to instance 'U0' of component 'proc_sys_reset' [/home/harigovind/Documents/dev/thesis/FPGA_BCP_acceleration/ip_packing/ip_packing.gen/sources_1/bd/design_1/ip/design_1_rst_ps7_0_50M_0/synth/design_1_rst_ps7_0_50M_0.vhd:129]
INFO: [Synth 8-638] synthesizing module 'proc_sys_reset' [/home/harigovind/Documents/dev/thesis/FPGA_BCP_acceleration/ip_packing/ip_packing.gen/sources_1/bd/design_1/ipshared/8842/hdl/proc_sys_reset_v5_0_vh_rfs.vhd:1323]
	Parameter INIT bound to: 1'b1 
INFO: [Synth 8-113] binding component instance 'FDRE_inst' to cell 'FDRE' [/home/harigovind/Documents/dev/thesis/FPGA_BCP_acceleration/ip_packing/ip_packing.gen/sources_1/bd/design_1/ipshared/8842/hdl/proc_sys_reset_v5_0_vh_rfs.vhd:1392]
	Parameter INIT bound to: 1'b1 
INFO: [Synth 8-113] binding component instance 'FDRE_BSR' to cell 'FDRE' [/home/harigovind/Documents/dev/thesis/FPGA_BCP_acceleration/ip_packing/ip_packing.gen/sources_1/bd/design_1/ipshared/8842/hdl/proc_sys_reset_v5_0_vh_rfs.vhd:1408]
	Parameter INIT bound to: 1'b0 
INFO: [Synth 8-113] binding component instance 'FDRE_BSR_N' to cell 'FDRE' [/home/harigovind/Documents/dev/thesis/FPGA_BCP_acceleration/ip_packing/ip_packing.gen/sources_1/bd/design_1/ipshared/8842/hdl/proc_sys_reset_v5_0_vh_rfs.vhd:1434]
	Parameter INIT bound to: 1'b1 
INFO: [Synth 8-113] binding component instance 'FDRE_PER' to cell 'FDRE' [/home/harigovind/Documents/dev/thesis/FPGA_BCP_acceleration/ip_packing/ip_packing.gen/sources_1/bd/design_1/ipshared/8842/hdl/proc_sys_reset_v5_0_vh_rfs.vhd:1457]
	Parameter INIT bound to: 1'b0 
INFO: [Synth 8-113] binding component instance 'FDRE_PER_N' to cell 'FDRE' [/home/harigovind/Documents/dev/thesis/FPGA_BCP_acceleration/ip_packing/ip_packing.gen/sources_1/bd/design_1/ipshared/8842/hdl/proc_sys_reset_v5_0_vh_rfs.vhd:1481]
INFO: [Synth 8-638] synthesizing module 'lpf' [/home/harigovind/Documents/dev/thesis/FPGA_BCP_acceleration/ip_packing/ip_packing.gen/sources_1/bd/design_1/ipshared/8842/hdl/proc_sys_reset_v5_0_vh_rfs.vhd:816]
INFO: [Synth 8-3491] module 'SRL16' declared at '/tools/Xilinx/Vivado/2022.2/scripts/rt/data/unisim_comp.v:131628' bound to instance 'POR_SRL_I' of component 'SRL16' [/home/harigovind/Documents/dev/thesis/FPGA_BCP_acceleration/ip_packing/ip_packing.gen/sources_1/bd/design_1/ipshared/8842/hdl/proc_sys_reset_v5_0_vh_rfs.vhd:868]
INFO: [Synth 8-6157] synthesizing module 'SRL16' [/tools/Xilinx/Vivado/2022.2/scripts/rt/data/unisim_comp.v:131628]
INFO: [Synth 8-6155] done synthesizing module 'SRL16' (0#1) [/tools/Xilinx/Vivado/2022.2/scripts/rt/data/unisim_comp.v:131628]
INFO: [Synth 8-638] synthesizing module 'cdc_sync' [/home/harigovind/Documents/dev/thesis/FPGA_BCP_acceleration/ip_packing/ip_packing.gen/sources_1/bd/design_1/ipshared/ef1e/hdl/lib_cdc_v1_0_rfs.vhd:106]
	Parameter INIT bound to: 1'b0 
INFO: [Synth 8-113] binding component instance 'CROSS_PLEVEL_IN2SCNDRY_IN_cdc_to' to cell 'FDR' [/home/harigovind/Documents/dev/thesis/FPGA_BCP_acceleration/ip_packing/ip_packing.gen/sources_1/bd/design_1/ipshared/ef1e/hdl/lib_cdc_v1_0_rfs.vhd:514]
	Parameter INIT bound to: 1'b0 
INFO: [Synth 8-113] binding component instance 'CROSS_PLEVEL_IN2SCNDRY_s_level_out_d2' to cell 'FDR' [/home/harigovind/Documents/dev/thesis/FPGA_BCP_acceleration/ip_packing/ip_packing.gen/sources_1/bd/design_1/ipshared/ef1e/hdl/lib_cdc_v1_0_rfs.vhd:545]
	Parameter INIT bound to: 1'b0 
INFO: [Synth 8-113] binding component instance 'CROSS_PLEVEL_IN2SCNDRY_s_level_out_d3' to cell 'FDR' [/home/harigovind/Documents/dev/thesis/FPGA_BCP_acceleration/ip_packing/ip_packing.gen/sources_1/bd/design_1/ipshared/ef1e/hdl/lib_cdc_v1_0_rfs.vhd:554]
	Parameter INIT bound to: 1'b0 
INFO: [Synth 8-113] binding component instance 'CROSS_PLEVEL_IN2SCNDRY_s_level_out_d4' to cell 'FDR' [/home/harigovind/Documents/dev/thesis/FPGA_BCP_acceleration/ip_packing/ip_packing.gen/sources_1/bd/design_1/ipshared/ef1e/hdl/lib_cdc_v1_0_rfs.vhd:564]
	Parameter INIT bound to: 1'b0 
INFO: [Synth 8-113] binding component instance 'CROSS_PLEVEL_IN2SCNDRY_s_level_out_d5' to cell 'FDR' [/home/harigovind/Documents/dev/thesis/FPGA_BCP_acceleration/ip_packing/ip_packing.gen/sources_1/bd/design_1/ipshared/ef1e/hdl/lib_cdc_v1_0_rfs.vhd:574]
	Parameter INIT bound to: 1'b0 
INFO: [Synth 8-113] binding component instance 'CROSS_PLEVEL_IN2SCNDRY_s_level_out_d6' to cell 'FDR' [/home/harigovind/Documents/dev/thesis/FPGA_BCP_acceleration/ip_packing/ip_packing.gen/sources_1/bd/design_1/ipshared/ef1e/hdl/lib_cdc_v1_0_rfs.vhd:584]
INFO: [Synth 8-256] done synthesizing module 'cdc_sync' (0#1) [/home/harigovind/Documents/dev/thesis/FPGA_BCP_acceleration/ip_packing/ip_packing.gen/sources_1/bd/design_1/ipshared/ef1e/hdl/lib_cdc_v1_0_rfs.vhd:106]
INFO: [Synth 8-256] done synthesizing module 'lpf' (0#1) [/home/harigovind/Documents/dev/thesis/FPGA_BCP_acceleration/ip_packing/ip_packing.gen/sources_1/bd/design_1/ipshared/8842/hdl/proc_sys_reset_v5_0_vh_rfs.vhd:816]
INFO: [Synth 8-638] synthesizing module 'sequence_psr' [/home/harigovind/Documents/dev/thesis/FPGA_BCP_acceleration/ip_packing/ip_packing.gen/sources_1/bd/design_1/ipshared/8842/hdl/proc_sys_reset_v5_0_vh_rfs.vhd:301]
INFO: [Synth 8-638] synthesizing module 'upcnt_n' [/home/harigovind/Documents/dev/thesis/FPGA_BCP_acceleration/ip_packing/ip_packing.gen/sources_1/bd/design_1/ipshared/8842/hdl/proc_sys_reset_v5_0_vh_rfs.vhd:125]
INFO: [Synth 8-256] done synthesizing module 'upcnt_n' (0#1) [/home/harigovind/Documents/dev/thesis/FPGA_BCP_acceleration/ip_packing/ip_packing.gen/sources_1/bd/design_1/ipshared/8842/hdl/proc_sys_reset_v5_0_vh_rfs.vhd:125]
INFO: [Synth 8-256] done synthesizing module 'sequence_psr' (0#1) [/home/harigovind/Documents/dev/thesis/FPGA_BCP_acceleration/ip_packing/ip_packing.gen/sources_1/bd/design_1/ipshared/8842/hdl/proc_sys_reset_v5_0_vh_rfs.vhd:301]
INFO: [Synth 8-256] done synthesizing module 'proc_sys_reset' (0#1) [/home/harigovind/Documents/dev/thesis/FPGA_BCP_acceleration/ip_packing/ip_packing.gen/sources_1/bd/design_1/ipshared/8842/hdl/proc_sys_reset_v5_0_vh_rfs.vhd:1323]
INFO: [Synth 8-256] done synthesizing module 'design_1_rst_ps7_0_50M_0' (0#1) [/home/harigovind/Documents/dev/thesis/FPGA_BCP_acceleration/ip_packing/ip_packing.gen/sources_1/bd/design_1/ip/design_1_rst_ps7_0_50M_0/synth/design_1_rst_ps7_0_50M_0.vhd:74]
WARNING: [Synth 8-7129] Port prmry_aclk in module cdc_sync is either unconnected or has no load
WARNING: [Synth 8-7129] Port prmry_resetn in module cdc_sync is either unconnected or has no load
WARNING: [Synth 8-7129] Port prmry_vect_in[1] in module cdc_sync is either unconnected or has no load
WARNING: [Synth 8-7129] Port prmry_vect_in[0] in module cdc_sync is either unconnected or has no load
WARNING: [Synth 8-7129] Port scndry_resetn in module cdc_sync is either unconnected or has no load
---------------------------------------------------------------------------------
Finished RTL Elaboration : Time (s): cpu = 00:00:04 ; elapsed = 00:00:05 . Memory (MB): peak = 2489.879 ; gain = 445.707 ; free physical = 346 ; free virtual = 3978
Synthesis current peak Physical Memory [PSS] (MB): peak = 1656.914; parent = 1519.178; children = 137.736
Synthesis current peak Virtual Memory [VSS] (MB): peak = 3451.020; parent = 2489.883; children = 961.137
---------------------------------------------------------------------------------
---------------------------------------------------------------------------------
Start Handling Custom Attributes
---------------------------------------------------------------------------------
---------------------------------------------------------------------------------
Finished Handling Custom Attributes : Time (s): cpu = 00:00:04 ; elapsed = 00:00:05 . Memory (MB): peak = 2507.691 ; gain = 463.520 ; free physical = 334 ; free virtual = 3966
Synthesis current peak Physical Memory [PSS] (MB): peak = 1656.914; parent = 1519.178; children = 137.736
Synthesis current peak Virtual Memory [VSS] (MB): peak = 3468.832; parent = 2507.695; children = 961.137
---------------------------------------------------------------------------------
---------------------------------------------------------------------------------
Finished RTL Optimization Phase 1 : Time (s): cpu = 00:00:04 ; elapsed = 00:00:05 . Memory (MB): peak = 2507.691 ; gain = 463.520 ; free physical = 370 ; free virtual = 4003
Synthesis current peak Physical Memory [PSS] (MB): peak = 1656.914; parent = 1519.178; children = 137.736
Synthesis current peak Virtual Memory [VSS] (MB): peak = 3468.832; parent = 2507.695; children = 961.137
---------------------------------------------------------------------------------
Netlist sorting complete. Time (s): cpu = 00:00:00 ; elapsed = 00:00:00 . Memory (MB): peak = 2513.629 ; gain = 0.000 ; free physical = 565 ; free virtual = 4210
INFO: [Netlist 29-17] Analyzing 13 Unisim elements for replacement
INFO: [Netlist 29-28] Unisim Transformation completed in 0 CPU seconds
INFO: [Project 1-570] Preparing netlist for logic optimization

Processing XDC Constraints
Initializing timing engine
Parsing XDC File [/home/harigovind/Documents/dev/thesis/FPGA_BCP_acceleration/ip_packing/ip_packing.gen/sources_1/bd/design_1/ip/design_1_rst_ps7_0_50M_0/design_1_rst_ps7_0_50M_0_ooc.xdc] for cell 'U0'
Finished Parsing XDC File [/home/harigovind/Documents/dev/thesis/FPGA_BCP_acceleration/ip_packing/ip_packing.gen/sources_1/bd/design_1/ip/design_1_rst_ps7_0_50M_0/design_1_rst_ps7_0_50M_0_ooc.xdc] for cell 'U0'
Parsing XDC File [/home/harigovind/Documents/dev/thesis/FPGA_BCP_acceleration/ip_packing/ip_packing.gen/sources_1/bd/design_1/ip/design_1_rst_ps7_0_50M_0/design_1_rst_ps7_0_50M_0_board.xdc] for cell 'U0'
Finished Parsing XDC File [/home/harigovind/Documents/dev/thesis/FPGA_BCP_acceleration/ip_packing/ip_packing.gen/sources_1/bd/design_1/ip/design_1_rst_ps7_0_50M_0/design_1_rst_ps7_0_50M_0_board.xdc] for cell 'U0'
Parsing XDC File [/home/harigovind/Documents/dev/thesis/FPGA_BCP_acceleration/ip_packing/ip_packing.gen/sources_1/bd/design_1/ip/design_1_rst_ps7_0_50M_0/design_1_rst_ps7_0_50M_0.xdc] for cell 'U0'
Finished Parsing XDC File [/home/harigovind/Documents/dev/thesis/FPGA_BCP_acceleration/ip_packing/ip_packing.gen/sources_1/bd/design_1/ip/design_1_rst_ps7_0_50M_0/design_1_rst_ps7_0_50M_0.xdc] for cell 'U0'
Parsing XDC File [/home/harigovind/Documents/dev/thesis/FPGA_BCP_acceleration/ip_packing/ip_packing.runs/design_1_rst_ps7_0_50M_0_synth_1/dont_touch.xdc]
Finished Parsing XDC File [/home/harigovind/Documents/dev/thesis/FPGA_BCP_acceleration/ip_packing/ip_packing.runs/design_1_rst_ps7_0_50M_0_synth_1/dont_touch.xdc]
Completed Processing XDC Constraints

Netlist sorting complete. Time (s): cpu = 00:00:00 ; elapsed = 00:00:00 . Memory (MB): peak = 2671.441 ; gain = 0.000 ; free physical = 513 ; free virtual = 4186
INFO: [Project 1-111] Unisim Transformation Summary:
  A total of 13 instances were transformed.
  FDR => FDRE: 12 instances
  SRL16 => SRL16E: 1 instance 

Constraint Validation Runtime : Time (s): cpu = 00:00:00.01 ; elapsed = 00:00:00 . Memory (MB): peak = 2671.441 ; gain = 0.000 ; free physical = 512 ; free virtual = 4185
INFO: [Designutils 20-5008] Incremental synthesis strategy off
INFO: [Synth 8-11241] undeclared symbol 'REGCCE', assumed default net type 'wire' [/tools/Xilinx/Vivado/2022.2/data/verilog/src/unimacro/BRAM_SINGLE_MACRO.v:2170]
---------------------------------------------------------------------------------
Finished Constraint Validation : Time (s): cpu = 00:00:08 ; elapsed = 00:00:09 . Memory (MB): peak = 2671.441 ; gain = 627.270 ; free physical = 1962 ; free virtual = 5658
Synthesis current peak Physical Memory [PSS] (MB): peak = 1656.914; parent = 1519.178; children = 144.350
Synthesis current peak Virtual Memory [VSS] (MB): peak = 3600.566; parent = 2639.430; children = 961.137
---------------------------------------------------------------------------------
---------------------------------------------------------------------------------
Start Loading Part and Timing Information
---------------------------------------------------------------------------------
Loading part: xc7z007sclg400-1
---------------------------------------------------------------------------------
Finished Loading Part and Timing Information : Time (s): cpu = 00:00:08 ; elapsed = 00:00:09 . Memory (MB): peak = 2671.441 ; gain = 627.270 ; free physical = 1952 ; free virtual = 5648
Synthesis current peak Physical Memory [PSS] (MB): peak = 1656.914; parent = 1519.178; children = 144.350
Synthesis current peak Virtual Memory [VSS] (MB): peak = 3600.566; parent = 2639.430; children = 961.137
---------------------------------------------------------------------------------
---------------------------------------------------------------------------------
Start Applying 'set_property' XDC Constraints
---------------------------------------------------------------------------------
Applied set_property KEEP_HIERARCHY = SOFT for U0. (constraint file  /home/harigovind/Documents/dev/thesis/FPGA_BCP_acceleration/ip_packing/ip_packing.runs/design_1_rst_ps7_0_50M_0_synth_1/dont_touch.xdc, line 9).
---------------------------------------------------------------------------------
Finished applying 'set_property' XDC Constraints : Time (s): cpu = 00:00:08 ; elapsed = 00:00:09 . Memory (MB): peak = 2671.441 ; gain = 627.270 ; free physical = 1957 ; free virtual = 5652
Synthesis current peak Physical Memory [PSS] (MB): peak = 1656.914; parent = 1519.178; children = 144.350
Synthesis current peak Virtual Memory [VSS] (MB): peak = 3600.566; parent = 2639.430; children = 961.137
---------------------------------------------------------------------------------
---------------------------------------------------------------------------------
Finished RTL Optimization Phase 2 : Time (s): cpu = 00:00:08 ; elapsed = 00:00:10 . Memory (MB): peak = 2671.441 ; gain = 627.270 ; free physical = 2040 ; free virtual = 5736
Synthesis current peak Physical Memory [PSS] (MB): peak = 1656.914; parent = 1519.178; children = 144.350
Synthesis current peak Virtual Memory [VSS] (MB): peak = 3600.566; parent = 2639.430; children = 961.137
---------------------------------------------------------------------------------
---------------------------------------------------------------------------------
Start RTL Component Statistics 
---------------------------------------------------------------------------------
Detailed RTL Component Info : 
+---Adders : 
	   2 Input    6 Bit       Adders := 1     
+---Registers : 
	                6 Bit    Registers := 1     
	                3 Bit    Registers := 3     
	                1 Bit    Registers := 8     
+---Muxes : 
	   2 Input    6 Bit        Muxes := 1     
	   2 Input    1 Bit        Muxes := 1     
---------------------------------------------------------------------------------
Finished RTL Component Statistics 
---------------------------------------------------------------------------------
---------------------------------------------------------------------------------
Start Part Resource Summary
---------------------------------------------------------------------------------
Part Resources:
DSPs: 66 (col length:40)
BRAMs: 100 (col length: RAMB18 40 RAMB36 20)
---------------------------------------------------------------------------------
Finished Part Resource Summary
---------------------------------------------------------------------------------
---------------------------------------------------------------------------------
Start Cross Boundary and Area Optimization
---------------------------------------------------------------------------------
WARNING: [Synth 8-7080] Parallel synthesis criteria is not met
WARNING: [Synth 8-3332] Sequential element (EXT_LPF/ACTIVE_LOW_EXT.ACT_LO_EXT/GENERATE_LEVEL_P_S_CDC.SINGLE_BIT.CROSS_PLEVEL_IN2SCNDRY_s_level_out_d5) is unused and will be removed from module proc_sys_reset.
WARNING: [Synth 8-3332] Sequential element (EXT_LPF/ACTIVE_LOW_EXT.ACT_LO_EXT/GENERATE_LEVEL_P_S_CDC.SINGLE_BIT.CROSS_PLEVEL_IN2SCNDRY_s_level_out_d6) is unused and will be removed from module proc_sys_reset.
WARNING: [Synth 8-3332] Sequential element (EXT_LPF/ACTIVE_LOW_AUX.ACT_LO_AUX/GENERATE_LEVEL_P_S_CDC.SINGLE_BIT.CROSS_PLEVEL_IN2SCNDRY_s_level_out_d5) is unused and will be removed from module proc_sys_reset.
WARNING: [Synth 8-3332] Sequential element (EXT_LPF/ACTIVE_LOW_AUX.ACT_LO_AUX/GENERATE_LEVEL_P_S_CDC.SINGLE_BIT.CROSS_PLEVEL_IN2SCNDRY_s_level_out_d6) is unused and will be removed from module proc_sys_reset.
---------------------------------------------------------------------------------
Finished Cross Boundary and Area Optimization : Time (s): cpu = 00:00:09 ; elapsed = 00:00:10 . Memory (MB): peak = 2671.441 ; gain = 627.270 ; free physical = 1970 ; free virtual = 5673
Synthesis current peak Physical Memory [PSS] (MB): peak = 1656.914; parent = 1519.178; children = 144.350
Synthesis current peak Virtual Memory [VSS] (MB): peak = 3600.566; parent = 2639.430; children = 961.137
---------------------------------------------------------------------------------
---------------------------------------------------------------------------------
Start Applying XDC Timing Constraints
---------------------------------------------------------------------------------
---------------------------------------------------------------------------------
Finished Applying XDC Timing Constraints : Time (s): cpu = 00:00:11 ; elapsed = 00:00:13 . Memory (MB): peak = 2671.441 ; gain = 627.270 ; free physical = 1592 ; free virtual = 5353
Synthesis current peak Physical Memory [PSS] (MB): peak = 1750.535; parent = 1606.252; children = 144.350
Synthesis current peak Virtual Memory [VSS] (MB): peak = 3600.566; parent = 2639.430; children = 961.137
---------------------------------------------------------------------------------
---------------------------------------------------------------------------------
Start Timing Optimization
---------------------------------------------------------------------------------
---------------------------------------------------------------------------------
Finished Timing Optimization : Time (s): cpu = 00:00:11 ; elapsed = 00:00:13 . Memory (MB): peak = 2671.441 ; gain = 627.270 ; free physical = 1585 ; free virtual = 5347
Synthesis current peak Physical Memory [PSS] (MB): peak = 1750.750; parent = 1606.467; children = 144.350
Synthesis current peak Virtual Memory [VSS] (MB): peak = 3600.566; parent = 2639.430; children = 961.137
---------------------------------------------------------------------------------
---------------------------------------------------------------------------------
Start Technology Mapping
---------------------------------------------------------------------------------
---------------------------------------------------------------------------------
Finished Technology Mapping : Time (s): cpu = 00:00:11 ; elapsed = 00:00:13 . Memory (MB): peak = 2671.441 ; gain = 627.270 ; free physical = 1568 ; free virtual = 5329
Synthesis current peak Physical Memory [PSS] (MB): peak = 1751.062; parent = 1606.779; children = 144.350
Synthesis current peak Virtual Memory [VSS] (MB): peak = 3600.566; parent = 2639.430; children = 961.137
---------------------------------------------------------------------------------
---------------------------------------------------------------------------------
Start IO Insertion
---------------------------------------------------------------------------------
---------------------------------------------------------------------------------
Start Flattening Before IO Insertion
---------------------------------------------------------------------------------
---------------------------------------------------------------------------------
Finished Flattening Before IO Insertion
---------------------------------------------------------------------------------
---------------------------------------------------------------------------------
Start Final Netlist Cleanup
---------------------------------------------------------------------------------
---------------------------------------------------------------------------------
Finished Final Netlist Cleanup
---------------------------------------------------------------------------------
---------------------------------------------------------------------------------
Finished IO Insertion : Time (s): cpu = 00:00:14 ; elapsed = 00:00:16 . Memory (MB): peak = 2671.441 ; gain = 627.270 ; free physical = 1289 ; free virtual = 5051
Synthesis current peak Physical Memory [PSS] (MB): peak = 1751.062; parent = 1606.779; children = 144.350
Synthesis current peak Virtual Memory [VSS] (MB): peak = 3600.566; parent = 2639.430; children = 961.137
---------------------------------------------------------------------------------
---------------------------------------------------------------------------------
Start Renaming Generated Instances
---------------------------------------------------------------------------------
---------------------------------------------------------------------------------
Finished Renaming Generated Instances : Time (s): cpu = 00:00:14 ; elapsed = 00:00:16 . Memory (MB): peak = 2671.441 ; gain = 627.270 ; free physical = 1287 ; free virtual = 5048
Synthesis current peak Physical Memory [PSS] (MB): peak = 1751.062; parent = 1606.779; children = 144.350
Synthesis current peak Virtual Memory [VSS] (MB): peak = 3600.566; parent = 2639.430; children = 961.137
---------------------------------------------------------------------------------
---------------------------------------------------------------------------------
Start Rebuilding User Hierarchy
---------------------------------------------------------------------------------
---------------------------------------------------------------------------------
Finished Rebuilding User Hierarchy : Time (s): cpu = 00:00:14 ; elapsed = 00:00:16 . Memory (MB): peak = 2671.441 ; gain = 627.270 ; free physical = 1285 ; free virtual = 5047
Synthesis current peak Physical Memory [PSS] (MB): peak = 1751.062; parent = 1606.779; children = 144.350
Synthesis current peak Virtual Memory [VSS] (MB): peak = 3600.566; parent = 2639.430; children = 961.137
---------------------------------------------------------------------------------
---------------------------------------------------------------------------------
Start Renaming Generated Ports
---------------------------------------------------------------------------------
---------------------------------------------------------------------------------
Finished Renaming Generated Ports : Time (s): cpu = 00:00:14 ; elapsed = 00:00:16 . Memory (MB): peak = 2671.441 ; gain = 627.270 ; free physical = 1283 ; free virtual = 5045
Synthesis current peak Physical Memory [PSS] (MB): peak = 1751.062; parent = 1606.779; children = 144.350
Synthesis current peak Virtual Memory [VSS] (MB): peak = 3600.566; parent = 2639.430; children = 961.137
---------------------------------------------------------------------------------
---------------------------------------------------------------------------------
Start Handling Custom Attributes
---------------------------------------------------------------------------------
---------------------------------------------------------------------------------
Finished Handling Custom Attributes : Time (s): cpu = 00:00:14 ; elapsed = 00:00:16 . Memory (MB): peak = 2671.441 ; gain = 627.270 ; free physical = 1282 ; free virtual = 5043
Synthesis current peak Physical Memory [PSS] (MB): peak = 1751.062; parent = 1606.779; children = 144.350
Synthesis current peak Virtual Memory [VSS] (MB): peak = 3600.566; parent = 2639.430; children = 961.137
---------------------------------------------------------------------------------
---------------------------------------------------------------------------------
Start Renaming Generated Nets
---------------------------------------------------------------------------------
---------------------------------------------------------------------------------
Finished Renaming Generated Nets : Time (s): cpu = 00:00:14 ; elapsed = 00:00:16 . Memory (MB): peak = 2671.441 ; gain = 627.270 ; free physical = 1280 ; free virtual = 5041
Synthesis current peak Physical Memory [PSS] (MB): peak = 1751.062; parent = 1606.779; children = 144.350
Synthesis current peak Virtual Memory [VSS] (MB): peak = 3600.566; parent = 2639.430; children = 961.137
---------------------------------------------------------------------------------
---------------------------------------------------------------------------------
Start Writing Synthesis Report
---------------------------------------------------------------------------------

Report BlackBoxes: 
+-+--------------+----------+
| |BlackBox name |Instances |
+-+--------------+----------+
+-+--------------+----------+

Report Cell Usage: 
+------+------+------+
|      |Cell  |Count |
+------+------+------+
|1     |LUT1  |     5|
|2     |LUT2  |     9|
|3     |LUT3  |     1|
|4     |LUT4  |     6|
|5     |LUT5  |     3|
|6     |LUT6  |     1|
|7     |SRL16 |     1|
|8     |FDR   |     8|
|9     |FDRE  |    28|
|10    |FDSE  |     4|
+------+------+------+
---------------------------------------------------------------------------------
Finished Writing Synthesis Report : Time (s): cpu = 00:00:14 ; elapsed = 00:00:16 . Memory (MB): peak = 2671.441 ; gain = 627.270 ; free physical = 1278 ; free virtual = 5040
Synthesis current peak Physical Memory [PSS] (MB): peak = 1751.062; parent = 1606.779; children = 144.350
Synthesis current peak Virtual Memory [VSS] (MB): peak = 3600.566; parent = 2639.430; children = 961.137
---------------------------------------------------------------------------------
Synthesis finished with 0 errors, 0 critical warnings and 5 warnings.
Synthesis Optimization Runtime : Time (s): cpu = 00:00:13 ; elapsed = 00:00:15 . Memory (MB): peak = 2671.441 ; gain = 463.520 ; free physical = 1345 ; free virtual = 5107
Synthesis Optimization Complete : Time (s): cpu = 00:00:14 ; elapsed = 00:00:16 . Memory (MB): peak = 2671.441 ; gain = 627.270 ; free physical = 1331 ; free virtual = 5093
INFO: [Project 1-571] Translating synthesized netlist
Netlist sorting complete. Time (s): cpu = 00:00:00 ; elapsed = 00:00:00 . Memory (MB): peak = 2671.441 ; gain = 0.000 ; free physical = 1322 ; free virtual = 5084
INFO: [Netlist 29-17] Analyzing 9 Unisim elements for replacement
INFO: [Netlist 29-28] Unisim Transformation completed in 0 CPU seconds
INFO: [Project 1-570] Preparing netlist for logic optimization
INFO: [Opt 31-138] Pushed 0 inverter(s) to 0 load pin(s).
Netlist sorting complete. Time (s): cpu = 00:00:00 ; elapsed = 00:00:00 . Memory (MB): peak = 2671.441 ; gain = 0.000 ; free physical = 1302 ; free virtual = 5064
INFO: [Project 1-111] Unisim Transformation Summary:
  A total of 9 instances were transformed.
  FDR => FDRE: 8 instances
  SRL16 => SRL16E: 1 instance 

Synth Design complete, checksum: 373aa1b4
INFO: [Common 17-83] Releasing license: Synthesis
51 Infos, 10 Warnings, 0 Critical Warnings and 0 Errors encountered.
synth_design completed successfully
synth_design: Time (s): cpu = 00:00:19 ; elapsed = 00:00:19 . Memory (MB): peak = 2671.441 ; gain = 931.699 ; free physical = 1456 ; free virtual = 5219
INFO: [Common 17-1381] The checkpoint '/home/harigovind/Documents/dev/thesis/FPGA_BCP_acceleration/ip_packing/ip_packing.runs/design_1_rst_ps7_0_50M_0_synth_1/design_1_rst_ps7_0_50M_0.dcp' has been generated.
INFO: [Coretcl 2-1648] Added synthesis output to IP cache for IP design_1_rst_ps7_0_50M_0, cache-ID = 7d996ee3178b98fd
INFO: [Coretcl 2-1174] Renamed 6 cell refs.
INFO: [Common 17-1381] The checkpoint '/home/harigovind/Documents/dev/thesis/FPGA_BCP_acceleration/ip_packing/ip_packing.runs/design_1_rst_ps7_0_50M_0_synth_1/design_1_rst_ps7_0_50M_0.dcp' has been generated.
INFO: [runtcl-4] Executing : report_utilization -file design_1_rst_ps7_0_50M_0_utilization_synth.rpt -pb design_1_rst_ps7_0_50M_0_utilization_synth.pb
INFO: [Common 17-206] Exiting Vivado at Sat Nov  4 20:14:18 2023...
