Vivado Simulator v2022.2
Copyright 1986-1999, 2001-2022 Xilinx, Inc. All Rights Reserved.
Running: /tools/Xilinx/Vivado/2022.2/bin/unwrapped/lnx64.o/xelab --incr --debug typical --relax --mt 8 -L xil_defaultlib -L axi_infrastructure_v1_1_0 -L axi_vip_v1_1_13 -L processing_system7_vip_v1_0_15 -L xlconstant_v1_1_7 -L lib_cdc_v1_0_2 -L proc_sys_reset_v5_0_13 -L smartconnect_v1_0 -L axi_register_slice_v2_1_27 -L uvm -L xilinx_vip -L unisims_ver -L unimacro_ver -L secureip -L xpm --snapshot design_1_wrapper_behav xil_defaultlib.design_1_wrapper xil_defaultlib.glbl -log elaborate.log 
Using 8 slave threads.
Starting static elaboration
Pass Through NonSizing Optimizer
WARNING: [VRFC 10-3091] actual bit length 1 differs from formal bit length 2 for port 's00_axi_awid' [/home/harigovind/Documents/dev/thesis/FPGA_BCP_acceleration/ip_packing/ip_packing.ip_user_files/bd/design_1/ip/design_1_BCP_accelerator_0_0/sim/design_1_BCP_accelerator_0_0.v:259]
WARNING: [VRFC 10-3091] actual bit length 1 differs from formal bit length 2 for port 's00_axi_awuser' [/home/harigovind/Documents/dev/thesis/FPGA_BCP_acceleration/ip_packing/ip_packing.ip_user_files/bd/design_1/ip/design_1_BCP_accelerator_0_0/sim/design_1_BCP_accelerator_0_0.v:269]
WARNING: [VRFC 10-3091] actual bit length 1 differs from formal bit length 2 for port 's00_axi_wuser' [/home/harigovind/Documents/dev/thesis/FPGA_BCP_acceleration/ip_packing/ip_packing.ip_user_files/bd/design_1/ip/design_1_BCP_accelerator_0_0/sim/design_1_BCP_accelerator_0_0.v:275]
WARNING: [VRFC 10-3091] actual bit length 1 differs from formal bit length 2 for port 's00_axi_arid' [/home/harigovind/Documents/dev/thesis/FPGA_BCP_acceleration/ip_packing/ip_packing.ip_user_files/bd/design_1/ip/design_1_BCP_accelerator_0_0/sim/design_1_BCP_accelerator_0_0.v:283]
WARNING: [VRFC 10-3091] actual bit length 1 differs from formal bit length 2 for port 's00_axi_aruser' [/home/harigovind/Documents/dev/thesis/FPGA_BCP_acceleration/ip_packing/ip_packing.ip_user_files/bd/design_1/ip/design_1_BCP_accelerator_0_0/sim/design_1_BCP_accelerator_0_0.v:293]
WARNING: [VRFC 10-3091] actual bit length 32 differs from formal bit length 7 for port 'axi_reg5_o' [/home/harigovind/Documents/dev/thesis/FPGA_BCP_acceleration/ip_packing/ip_packing.ip_user_files/bd/design_1/ipshared/7f3b/hdl/BCP_accelerator_v2_0_S01_AXI.v:499]
WARNING: [VRFC 10-3091] actual bit length 32 differs from formal bit length 7 for port 'implication_o' [/home/harigovind/Documents/dev/thesis/FPGA_BCP_acceleration/ip_packing/ip_packing.ip_user_files/bd/design_1/ipshared/7f3b/hdl/BCP_accelerator_v2_0_S01_AXI.v:503]
WARNING: [VRFC 10-3091] actual bit length 128 differs from formal bit length 129 for port 'is_unit_i' [/home/harigovind/Documents/dev/thesis/FPGA_BCP_acceleration/ip_packing/ip_packing.ip_user_files/bd/design_1/ipshared/7f3b/hdl/top.sv:190]
WARNING: [VRFC 10-3091] actual bit length 32 differs from formal bit length 6 for port 'implication_i' [/home/harigovind/Documents/dev/thesis/FPGA_BCP_acceleration/ip_packing/ip_packing.ip_user_files/bd/design_1/ipshared/7f3b/hdl/BCP_accelerator_v2_0_S01_AXI.v:518]
WARNING: [VRFC 10-3091] actual bit length 32 differs from formal bit length 6 for port 'implication_o' [/home/harigovind/Documents/dev/thesis/FPGA_BCP_acceleration/ip_packing/ip_packing.ip_user_files/bd/design_1/ipshared/7f3b/hdl/BCP_accelerator_v2_0_S01_AXI.v:522]
WARNING: [VRFC 10-3091] actual bit length 128 differs from formal bit length 64 for port 'WR_DATA_STRB' [/scratch/proj/xbuilds/SWIP/2022.2_1014_8888/infra/XSIM/lin/.cxl.ip/incl/processing_system7_vip_v1_0_15_axi_gp.v:208]
WARNING: [VRFC 10-3091] actual bit length 12 differs from formal bit length 6 for port 'm_axi_bid' [/wrk/ci/prod/2022.2/sw/continuous/3508/packages/customer/vivado/data/ip/xilinx/processing_system7_vip_v1_0/hdl/processing_system7_vip_v1_0_vl_rfs.sv:5546]
WARNING: [VRFC 10-3091] actual bit length 12 differs from formal bit length 6 for port 'm_axi_rid' [/wrk/ci/prod/2022.2/sw/continuous/3508/packages/customer/vivado/data/ip/xilinx/processing_system7_vip_v1_0/hdl/processing_system7_vip_v1_0_vl_rfs.sv:5564]
WARNING: [VRFC 10-3091] actual bit length 128 differs from formal bit length 64 for port 'WR_DATA_STRB' [/scratch/proj/xbuilds/SWIP/2022.2_1014_8888/infra/XSIM/lin/.cxl.ip/incl/processing_system7_vip_v1_0_15_axi_gp.v:292]
WARNING: [VRFC 10-3091] actual bit length 8 differs from formal bit length 9 for port 'WR_BYTES' [/scratch/proj/xbuilds/SWIP/2022.2_1014_8888/infra/XSIM/lin/.cxl.ip/incl/processing_system7_vip_v1_0_15_axi_hp.v:80]
WARNING: [VRFC 10-3091] actual bit length 8 differs from formal bit length 9 for port 'RD_BYTES' [/scratch/proj/xbuilds/SWIP/2022.2_1014_8888/infra/XSIM/lin/.cxl.ip/incl/processing_system7_vip_v1_0_15_axi_hp.v:89]
WARNING: [VRFC 10-3091] actual bit length 12 differs from formal bit length 6 for port 'm_axi_bid' [/wrk/ci/prod/2022.2/sw/continuous/3508/packages/customer/vivado/data/ip/xilinx/processing_system7_vip_v1_0/hdl/processing_system7_vip_v1_0_vl_rfs.sv:10256]
WARNING: [VRFC 10-3091] actual bit length 12 differs from formal bit length 6 for port 'm_axi_rid' [/wrk/ci/prod/2022.2/sw/continuous/3508/packages/customer/vivado/data/ip/xilinx/processing_system7_vip_v1_0/hdl/processing_system7_vip_v1_0_vl_rfs.sv:10274]
WARNING: [VRFC 10-3091] actual bit length 32 differs from formal bit length 64 for port 'm_axi_rdata' [/wrk/ci/prod/2022.2/sw/continuous/3508/packages/customer/vivado/data/ip/xilinx/processing_system7_vip_v1_0/hdl/processing_system7_vip_v1_0_vl_rfs.sv:10275]
WARNING: [VRFC 10-3091] actual bit length 8 differs from formal bit length 9 for port 'WR_BYTES' [/scratch/proj/xbuilds/SWIP/2022.2_1014_8888/infra/XSIM/lin/.cxl.ip/incl/processing_system7_vip_v1_0_15_axi_hp.v:165]
WARNING: [VRFC 10-3091] actual bit length 8 differs from formal bit length 9 for port 'RD_BYTES' [/scratch/proj/xbuilds/SWIP/2022.2_1014_8888/infra/XSIM/lin/.cxl.ip/incl/processing_system7_vip_v1_0_15_axi_hp.v:174]
WARNING: [VRFC 10-3091] actual bit length 8 differs from formal bit length 9 for port 'WR_BYTES' [/scratch/proj/xbuilds/SWIP/2022.2_1014_8888/infra/XSIM/lin/.cxl.ip/incl/processing_system7_vip_v1_0_15_axi_hp.v:251]
WARNING: [VRFC 10-3091] actual bit length 8 differs from formal bit length 9 for port 'RD_BYTES' [/scratch/proj/xbuilds/SWIP/2022.2_1014_8888/infra/XSIM/lin/.cxl.ip/incl/processing_system7_vip_v1_0_15_axi_hp.v:260]
WARNING: [VRFC 10-3091] actual bit length 8 differs from formal bit length 9 for port 'WR_BYTES' [/scratch/proj/xbuilds/SWIP/2022.2_1014_8888/infra/XSIM/lin/.cxl.ip/incl/processing_system7_vip_v1_0_15_axi_hp.v:337]
WARNING: [VRFC 10-3091] actual bit length 8 differs from formal bit length 9 for port 'RD_BYTES' [/scratch/proj/xbuilds/SWIP/2022.2_1014_8888/infra/XSIM/lin/.cxl.ip/incl/processing_system7_vip_v1_0_15_axi_hp.v:346]
WARNING: [VRFC 10-3091] actual bit length 12 differs from formal bit length 3 for port 'm_axi_bid' [/wrk/ci/prod/2022.2/sw/continuous/3508/packages/customer/vivado/data/ip/xilinx/processing_system7_vip_v1_0/hdl/processing_system7_vip_v1_0_vl_rfs.sv:7157]
WARNING: [VRFC 10-3091] actual bit length 12 differs from formal bit length 3 for port 'm_axi_rid' [/wrk/ci/prod/2022.2/sw/continuous/3508/packages/customer/vivado/data/ip/xilinx/processing_system7_vip_v1_0/hdl/processing_system7_vip_v1_0_vl_rfs.sv:7175]
WARNING: [VRFC 10-3091] actual bit length 32 differs from formal bit length 64 for port 'm_axi_rdata' [/wrk/ci/prod/2022.2/sw/continuous/3508/packages/customer/vivado/data/ip/xilinx/processing_system7_vip_v1_0/hdl/processing_system7_vip_v1_0_vl_rfs.sv:7176]
WARNING: [VRFC 10-5021] port 'mb_reset' is not connected on this instance [/home/harigovind/Documents/dev/thesis/FPGA_BCP_acceleration/ip_packing/ip_packing.ip_user_files/bd/design_1/sim/design_1.v:393]
WARNING: [VRFC 10-5021] port 'mb_reset' is not connected on this instance [/home/harigovind/Documents/dev/thesis/FPGA_BCP_acceleration/ip_packing/ip_packing.ip_user_files/bd/design_1/ip/design_1_axi_smc_0/bd_0/sim/bd_afc3.v:1360]
WARNING: [VRFC 10-5021] port 'ENET0_GMII_RXD' is not connected on this instance [/home/harigovind/Documents/dev/thesis/FPGA_BCP_acceleration/ip_packing/ip_packing.ip_user_files/bd/design_1/ip/design_1_processing_system7_0_0/sim/design_1_processing_system7_0_0.v:191]
WARNING: [VRFC 10-3027] 'ocm_wr_strb_port0' was previously declared with a different range [/wrk/ci/prod/2022.2/sw/continuous/3508/packages/customer/vivado/data/ip/xilinx/processing_system7_vip_v1_0/hdl/processing_system7_vip_v1_0_vl_rfs.sv:3809]
WARNING: [VRFC 10-3705] select index 64 into 'wrp_strb' is out of bounds [/wrk/ci/prod/2022.2/sw/continuous/3508/packages/customer/vivado/data/ip/xilinx/processing_system7_vip_v1_0/hdl/processing_system7_vip_v1_0_vl_rfs.sv:6134]
WARNING: [VRFC 10-3705] select index 128 into 'wrp_strb' is out of bounds [/wrk/ci/prod/2022.2/sw/continuous/3508/packages/customer/vivado/data/ip/xilinx/processing_system7_vip_v1_0/hdl/processing_system7_vip_v1_0_vl_rfs.sv:10898]
WARNING: [VRFC 10-3705] select index 128 into 'wrp_strb' is out of bounds [/wrk/ci/prod/2022.2/sw/continuous/3508/packages/customer/vivado/data/ip/xilinx/processing_system7_vip_v1_0/hdl/processing_system7_vip_v1_0_vl_rfs.sv:7772]
WARNING: [VRFC 10-3705] select index 4 into 'wr_fifo_rd_ptr' is out of bounds [/wrk/ci/prod/2022.2/sw/continuous/3508/packages/customer/vivado/data/ip/xilinx/processing_system7_vip_v1_0/hdl/processing_system7_vip_v1_0_vl_rfs.sv:7985]
WARNING: [VRFC 10-3705] select index 4 into 'ar_cnt' is out of bounds [/wrk/ci/prod/2022.2/sw/continuous/3508/packages/customer/vivado/data/ip/xilinx/processing_system7_vip_v1_0/hdl/processing_system7_vip_v1_0_vl_rfs.sv:8124]
WARNING: [VRFC 10-3705] select index 4 into 'wr_rresp_cnt' is out of bounds [/wrk/ci/prod/2022.2/sw/continuous/3508/packages/customer/vivado/data/ip/xilinx/processing_system7_vip_v1_0/hdl/processing_system7_vip_v1_0_vl_rfs.sv:8221]
WARNING: [VRFC 10-3705] select index 4 into 'rd_fifo_wr_ptr' is out of bounds [/wrk/ci/prod/2022.2/sw/continuous/3508/packages/customer/vivado/data/ip/xilinx/processing_system7_vip_v1_0/hdl/processing_system7_vip_v1_0_vl_rfs.sv:8240]
WARNING: [VRFC 10-3705] select index 4 into 'rd_cnt' is out of bounds [/wrk/ci/prod/2022.2/sw/continuous/3508/packages/customer/vivado/data/ip/xilinx/processing_system7_vip_v1_0/hdl/processing_system7_vip_v1_0_vl_rfs.sv:8381]
WARNING: [VRFC 10-3705] select index 4 into 'rresp_time_cnt' is out of bounds [/wrk/ci/prod/2022.2/sw/continuous/3508/packages/customer/vivado/data/ip/xilinx/processing_system7_vip_v1_0/hdl/processing_system7_vip_v1_0_vl_rfs.sv:8386]
WARNING: [VRFC 10-3705] select index 4 into 'rd_fifo_rd_ptr' is out of bounds [/wrk/ci/prod/2022.2/sw/continuous/3508/packages/customer/vivado/data/ip/xilinx/processing_system7_vip_v1_0/hdl/processing_system7_vip_v1_0_vl_rfs.sv:8391]
Completed static elaboration
Starting simulation data flow analysis
Completed simulation data flow analysis
Time Resolution for simulation is 1ps
Compiling package std.standard
Compiling package std.textio
Compiling package ieee.std_logic_1164
Compiling package ieee.numeric_std
Compiling package unisim.vcomponents
Compiling package ieee.vital_timing
Compiling package ieee.vital_primitives
Compiling package unisim.vpkg
Compiling package ieee.std_logic_arith
Compiling package synopsys.attributes
Compiling package ieee.std_logic_misc
Compiling package smartconnect_v1_0.sc_util_v1_0_4_pkg
Compiling package xilinx_vip.axi_vip_pkg
Compiling package xilinx_vip.xil_common_vip_pkg
Compiling package std.std
Compiling module xil_defaultlib.BCP_accelerator_v2_0_S00_AXI(C_S...
Compiling module xil_defaultlib.ClauseModule(CLAUSE_ID=0)
Compiling module xil_defaultlib.ClauseModule(CLAUSE_ID=1)
Compiling module xil_defaultlib.ClauseModule(CLAUSE_ID=2)
Compiling module xil_defaultlib.ClauseModule(CLAUSE_ID=3)
Compiling module xil_defaultlib.ClauseModule(CLAUSE_ID=4)
Compiling module xil_defaultlib.ClauseModule(CLAUSE_ID=5)
Compiling module xil_defaultlib.ClauseModule(CLAUSE_ID=6)
Compiling module xil_defaultlib.ClauseModule(CLAUSE_ID=7)
Compiling module xil_defaultlib.ClauseModule(CLAUSE_ID=8)
Compiling module xil_defaultlib.ClauseModule(CLAUSE_ID=9)
Compiling module xil_defaultlib.ClauseModule(CLAUSE_ID=10)
Compiling module xil_defaultlib.ClauseModule(CLAUSE_ID=11)
Compiling module xil_defaultlib.ClauseModule(CLAUSE_ID=12)
Compiling module xil_defaultlib.ClauseModule(CLAUSE_ID=13)
Compiling module xil_defaultlib.ClauseModule(CLAUSE_ID=14)
Compiling module xil_defaultlib.ClauseModule(CLAUSE_ID=15)
Compiling module xil_defaultlib.ClauseModule(CLAUSE_ID=16)
Compiling module xil_defaultlib.ClauseModule(CLAUSE_ID=17)
Compiling module xil_defaultlib.ClauseModule(CLAUSE_ID=18)
Compiling module xil_defaultlib.ClauseModule(CLAUSE_ID=19)
Compiling module xil_defaultlib.ClauseModule(CLAUSE_ID=20)
Compiling module xil_defaultlib.ClauseModule(CLAUSE_ID=21)
Compiling module xil_defaultlib.ClauseModule(CLAUSE_ID=22)
Compiling module xil_defaultlib.ClauseModule(CLAUSE_ID=23)
Compiling module xil_defaultlib.ClauseModule(CLAUSE_ID=24)
Compiling module xil_defaultlib.ClauseModule(CLAUSE_ID=25)
Compiling module xil_defaultlib.ClauseModule(CLAUSE_ID=26)
Compiling module xil_defaultlib.ClauseModule(CLAUSE_ID=27)
Compiling module xil_defaultlib.ClauseModule(CLAUSE_ID=28)
Compiling module xil_defaultlib.ClauseModule(CLAUSE_ID=29)
Compiling module xil_defaultlib.ClauseModule(CLAUSE_ID=30)
Compiling module xil_defaultlib.ClauseModule(CLAUSE_ID=31)
Compiling module xil_defaultlib.ClauseModule(CLAUSE_ID=32)
Compiling module xil_defaultlib.ClauseModule(CLAUSE_ID=33)
Compiling module xil_defaultlib.ClauseModule(CLAUSE_ID=34)
Compiling module xil_defaultlib.ClauseModule(CLAUSE_ID=35)
Compiling module xil_defaultlib.ClauseModule(CLAUSE_ID=36)
Compiling module xil_defaultlib.ClauseModule(CLAUSE_ID=37)
Compiling module xil_defaultlib.ClauseModule(CLAUSE_ID=38)
Compiling module xil_defaultlib.ClauseModule(CLAUSE_ID=39)
Compiling module xil_defaultlib.ClauseModule(CLAUSE_ID=40)
Compiling module xil_defaultlib.ClauseModule(CLAUSE_ID=41)
Compiling module xil_defaultlib.ClauseModule(CLAUSE_ID=42)
Compiling module xil_defaultlib.ClauseModule(CLAUSE_ID=43)
Compiling module xil_defaultlib.ClauseModule(CLAUSE_ID=44)
Compiling module xil_defaultlib.ClauseModule(CLAUSE_ID=45)
Compiling module xil_defaultlib.ClauseModule(CLAUSE_ID=46)
Compiling module xil_defaultlib.ClauseModule(CLAUSE_ID=47)
Compiling module xil_defaultlib.ClauseModule(CLAUSE_ID=48)
Compiling module xil_defaultlib.ClauseModule(CLAUSE_ID=49)
Compiling module xil_defaultlib.ClauseModule(CLAUSE_ID=50)
Compiling module xil_defaultlib.ClauseModule(CLAUSE_ID=51)
Compiling module xil_defaultlib.ClauseModule(CLAUSE_ID=52)
Compiling module xil_defaultlib.ClauseModule(CLAUSE_ID=53)
Compiling module xil_defaultlib.ClauseModule(CLAUSE_ID=54)
Compiling module xil_defaultlib.ClauseModule(CLAUSE_ID=55)
Compiling module xil_defaultlib.ClauseModule(CLAUSE_ID=56)
Compiling module xil_defaultlib.ClauseModule(CLAUSE_ID=57)
Compiling module xil_defaultlib.ClauseModule(CLAUSE_ID=58)
Compiling module xil_defaultlib.ClauseModule(CLAUSE_ID=59)
Compiling module xil_defaultlib.ClauseModule(CLAUSE_ID=60)
Compiling module xil_defaultlib.ClauseModule(CLAUSE_ID=61)
Compiling module xil_defaultlib.ClauseModule(CLAUSE_ID=62)
Compiling module xil_defaultlib.ClauseModule(CLAUSE_ID=63)
Compiling module xil_defaultlib.ClauseModule(CLAUSE_ID=64)
Compiling module xil_defaultlib.ClauseModule(CLAUSE_ID=65)
Compiling module xil_defaultlib.ClauseModule(CLAUSE_ID=66)
Compiling module xil_defaultlib.ClauseModule(CLAUSE_ID=67)
Compiling module xil_defaultlib.ClauseModule(CLAUSE_ID=68)
Compiling module xil_defaultlib.ClauseModule(CLAUSE_ID=69)
Compiling module xil_defaultlib.ClauseModule(CLAUSE_ID=70)
Compiling module xil_defaultlib.ClauseModule(CLAUSE_ID=71)
Compiling module xil_defaultlib.ClauseModule(CLAUSE_ID=72)
Compiling module xil_defaultlib.ClauseModule(CLAUSE_ID=73)
Compiling module xil_defaultlib.ClauseModule(CLAUSE_ID=74)
Compiling module xil_defaultlib.ClauseModule(CLAUSE_ID=75)
Compiling module xil_defaultlib.ClauseModule(CLAUSE_ID=76)
Compiling module xil_defaultlib.ClauseModule(CLAUSE_ID=77)
Compiling module xil_defaultlib.ClauseModule(CLAUSE_ID=78)
Compiling module xil_defaultlib.ClauseModule(CLAUSE_ID=79)
Compiling module xil_defaultlib.ClauseModule(CLAUSE_ID=80)
Compiling module xil_defaultlib.ClauseModule(CLAUSE_ID=81)
Compiling module xil_defaultlib.ClauseModule(CLAUSE_ID=82)
Compiling module xil_defaultlib.ClauseModule(CLAUSE_ID=83)
Compiling module xil_defaultlib.ClauseModule(CLAUSE_ID=84)
Compiling module xil_defaultlib.ClauseModule(CLAUSE_ID=85)
Compiling module xil_defaultlib.ClauseModule(CLAUSE_ID=86)
Compiling module xil_defaultlib.ClauseModule(CLAUSE_ID=87)
Compiling module xil_defaultlib.ClauseModule(CLAUSE_ID=88)
Compiling module xil_defaultlib.ClauseModule(CLAUSE_ID=89)
Compiling module xil_defaultlib.ClauseModule(CLAUSE_ID=90)
Compiling module xil_defaultlib.ClauseModule(CLAUSE_ID=91)
Compiling module xil_defaultlib.ClauseModule(CLAUSE_ID=92)
Compiling module xil_defaultlib.ClauseModule(CLAUSE_ID=93)
Compiling module xil_defaultlib.ClauseModule(CLAUSE_ID=94)
Compiling module xil_defaultlib.ClauseModule(CLAUSE_ID=95)
Compiling module xil_defaultlib.ClauseModule(CLAUSE_ID=96)
Compiling module xil_defaultlib.ClauseModule(CLAUSE_ID=97)
Compiling module xil_defaultlib.ClauseModule(CLAUSE_ID=98)
Compiling module xil_defaultlib.ClauseModule(CLAUSE_ID=99)
Compiling module xil_defaultlib.ClauseModule(CLAUSE_ID=100)
Compiling module xil_defaultlib.ClauseModule(CLAUSE_ID=101)
Compiling module xil_defaultlib.ClauseModule(CLAUSE_ID=102)
Compiling module xil_defaultlib.ClauseModule(CLAUSE_ID=103)
Compiling module xil_defaultlib.ClauseModule(CLAUSE_ID=104)
Compiling module xil_defaultlib.ClauseModule(CLAUSE_ID=105)
Compiling module xil_defaultlib.ClauseModule(CLAUSE_ID=106)
Compiling module xil_defaultlib.ClauseModule(CLAUSE_ID=107)
Compiling module xil_defaultlib.ClauseModule(CLAUSE_ID=108)
Compiling module xil_defaultlib.ClauseModule(CLAUSE_ID=109)
Compiling module xil_defaultlib.ClauseModule(CLAUSE_ID=110)
Compiling module xil_defaultlib.ClauseModule(CLAUSE_ID=111)
Compiling module xil_defaultlib.ClauseModule(CLAUSE_ID=112)
Compiling module xil_defaultlib.ClauseModule(CLAUSE_ID=113)
Compiling module xil_defaultlib.ClauseModule(CLAUSE_ID=114)
Compiling module xil_defaultlib.ClauseModule(CLAUSE_ID=115)
Compiling module xil_defaultlib.ClauseModule(CLAUSE_ID=116)
Compiling module xil_defaultlib.ClauseModule(CLAUSE_ID=117)
Compiling module xil_defaultlib.ClauseModule(CLAUSE_ID=118)
Compiling module xil_defaultlib.ClauseModule(CLAUSE_ID=119)
Compiling module xil_defaultlib.ClauseModule(CLAUSE_ID=120)
Compiling module xil_defaultlib.ClauseModule(CLAUSE_ID=121)
Compiling module xil_defaultlib.ClauseModule(CLAUSE_ID=122)
Compiling module xil_defaultlib.ClauseModule(CLAUSE_ID=123)
Compiling module xil_defaultlib.ClauseModule(CLAUSE_ID=124)
Compiling module xil_defaultlib.ClauseModule(CLAUSE_ID=125)
Compiling module xil_defaultlib.ClauseModule(CLAUSE_ID=126)
Compiling module xil_defaultlib.ClauseModule(CLAUSE_ID=127)
Compiling module xil_defaultlib.ImplicationSelector(VARIABLE_ENC...
Compiling module xil_defaultlib.top_default
Compiling module xil_defaultlib.ImplicationFIFO_default
Compiling module xil_defaultlib.BCP_accelerator_v2_0_S01_AXI_def...
Compiling module xil_defaultlib.BCP_accelerator_v2_0(C_S00_AXI_I...
Compiling module xil_defaultlib.design_1_BCP_accelerator_0_0
Compiling module xlconstant_v1_1_7.xlconstant_v1_1_7_xlconstant(CON...
Compiling module xil_defaultlib.bd_afc3_one_0
Compiling architecture fdre_v of entity unisim.FDRE [fdre_default]
Compiling architecture fdre_v of entity unisim.FDRE [\FDRE(init='1')\]
Compiling architecture fdr_v of entity unisim.FDR [fdr_default]
Compiling architecture implementation of entity lib_cdc_v1_0_2.cdc_sync [\cdc_sync(c_vector_width=2,c_mtb...]
Compiling architecture srl16e_v of entity unisim.SRL16E [\SRL16E(init="1111111111111111")...]
Compiling architecture srl16_v of entity unisim.SRL16 [\SRL16(init="1111111111111111")(...]
Compiling architecture imp of entity proc_sys_reset_v5_0_13.lpf [\lpf(c_ext_rst_width=4,c_aux_rst...]
Compiling architecture imp of entity proc_sys_reset_v5_0_13.upcnt_n [\upcnt_n(c_size=6)\]
Compiling architecture imp of entity proc_sys_reset_v5_0_13.sequence_psr [sequence_psr_default]
Compiling architecture imp of entity proc_sys_reset_v5_0_13.proc_sys_reset [\proc_sys_reset(c_family="zynq",...]
Compiling architecture bd_afc3_psr_aclk_0_arch of entity xil_defaultlib.bd_afc3_psr_aclk_0 [bd_afc3_psr_aclk_0_default]
Compiling module xil_defaultlib.clk_map_imp_5Y9LOC
Compiling module xpm.xpm_cdc_async_rst(DEST_SYNC_FF=3...
Compiling module xil_defaultlib.bd_afc3_m00e_0
Compiling module xil_defaultlib.m00_exit_pipeline_imp_1TZX5BB
Compiling module xpm.xpm_memory_base(MEMORY_TYPE=1,ME...
Compiling module xpm.xpm_memory_sdpram(MEMORY_SIZE=32...
Compiling module xpm.xpm_memory_base(MEMORY_TYPE=1,ME...
Compiling module xpm.xpm_memory_sdpram(MEMORY_SIZE=51...
Compiling module xil_defaultlib.bd_afc3_m00arn_0
Compiling module xil_defaultlib.bd_afc3_m00awn_0
Compiling module xpm.xpm_memory_base(MEMORY_TYPE=1,ME...
Compiling module xpm.xpm_memory_sdpram(MEMORY_SIZE=57...
Compiling module xpm.xpm_memory_base(MEMORY_TYPE=1,ME...
Compiling module xpm.xpm_memory_sdpram(MEMORY_SIZE=22...
Compiling module xil_defaultlib.bd_afc3_m00bn_0
Compiling module xpm.xpm_memory_base(MEMORY_TYPE=1,ME...
Compiling module xpm.xpm_memory_sdpram(MEMORY_SIZE=16...
Compiling module xil_defaultlib.bd_afc3_m00rn_0
Compiling module xpm.xpm_memory_base(MEMORY_TYPE=1,ME...
Compiling module xpm.xpm_memory_sdpram(MEMORY_SIZE=22...
Compiling module xil_defaultlib.bd_afc3_m00wn_0
Compiling module xil_defaultlib.m00_nodes_imp_1GOYQYZ
Compiling module xil_defaultlib.bd_afc3_m00s2a_0
Compiling module xil_defaultlib.bd_afc3_m01e_0
Compiling module xil_defaultlib.m01_exit_pipeline_imp_1XMPFJB
Compiling module xil_defaultlib.bd_afc3_m01arn_0
Compiling module xil_defaultlib.bd_afc3_m01awn_0
Compiling module xil_defaultlib.bd_afc3_m01bn_0
Compiling module xil_defaultlib.bd_afc3_m01rn_0
Compiling module xil_defaultlib.bd_afc3_m01wn_0
Compiling module xil_defaultlib.m01_nodes_imp_94N5OD
Compiling module xil_defaultlib.bd_afc3_m01s2a_0
Compiling module xil_defaultlib.bd_afc3_s00a2s_0
Compiling module xil_defaultlib.bd_afc3_s00mmu_0
Compiling module xil_defaultlib.bd_afc3_s00sic_0
Compiling module xil_defaultlib.bd_afc3_s00tr_0
Compiling module xil_defaultlib.s00_entry_pipeline_imp_USCCV8
Compiling module xpm.xpm_memory_base(MEMORY_TYPE=1,ME...
Compiling module xpm.xpm_memory_sdpram(MEMORY_SIZE=60...
Compiling module xpm.xpm_memory_base(MEMORY_TYPE=1,ME...
Compiling module xpm.xpm_memory_sdpram(MEMORY_SIZE=45...
Compiling module xil_defaultlib.bd_afc3_sarn_0
Compiling module xil_defaultlib.bd_afc3_sawn_0
Compiling module xpm.xpm_memory_base(MEMORY_TYPE=1,ME...
Compiling module xpm.xpm_memory_sdpram(MEMORY_SIZE=80...
Compiling module xil_defaultlib.bd_afc3_sbn_0
Compiling module xil_defaultlib.bd_afc3_srn_0
Compiling module xil_defaultlib.bd_afc3_swn_0
Compiling module xil_defaultlib.s00_nodes_imp_Y7M43I
Compiling module xil_defaultlib.bd_afc3_arsw_0
Compiling module xil_defaultlib.bd_afc3_awsw_0
Compiling module xil_defaultlib.bd_afc3_bsw_0
Compiling module xil_defaultlib.bd_afc3_rsw_0
Compiling module xil_defaultlib.bd_afc3_wsw_0
Compiling module xil_defaultlib.switchboards_imp_4N4PBE
Compiling module xil_defaultlib.bd_afc3
Compiling module xil_defaultlib.design_1_axi_smc_0
Compiling module processing_system7_vip_v1_0_15.processing_system7_vip_v1_0_15_g...
Compiling module processing_system7_vip_v1_0_15.processing_system7_vip_v1_0_15_g...
Compiling module processing_system7_vip_v1_0_15.processing_system7_vip_v1_0_15_a...
Compiling module processing_system7_vip_v1_0_15.processing_system7_vip_v1_0_15_a...
Compiling module processing_system7_vip_v1_0_15.processing_system7_vip_v1_0_15_f...
Compiling module processing_system7_vip_v1_0_15.processing_system7_vip_v1_0_15_a...
Compiling module processing_system7_vip_v1_0_15.processing_system7_vip_v1_0_15_a...
Compiling module processing_system7_vip_v1_0_15.processing_system7_vip_v1_0_15_a...
Compiling module processing_system7_vip_v1_0_15.processing_system7_vip_v1_0_15_a...
Compiling module processing_system7_vip_v1_0_15.processing_system7_vip_v1_0_15_s...
Compiling module processing_system7_vip_v1_0_15.processing_system7_vip_v1_0_15_i...
Compiling module processing_system7_vip_v1_0_15.processing_system7_vip_v1_0_15_s...
Compiling module processing_system7_vip_v1_0_15.processing_system7_vip_v1_0_15_d...
Compiling module processing_system7_vip_v1_0_15.processing_system7_vip_v1_0_15_o...
Compiling module processing_system7_vip_v1_0_15.processing_system7_vip_v1_0_15_o...
Compiling module processing_system7_vip_v1_0_15.processing_system7_vip_v1_0_15_r...
Compiling module processing_system7_vip_v1_0_15.processing_system7_vip_v1_0_15_r...
Compiling module xilinx_vip.axi_vip_axi4pc(WDATA_WIDTH=32,RD...
Compiling module xilinx_vip.cb
Compiling module xilinx_vip.axi_vip_if(C_AXI_PROTOCOL=1,C_AX...
Compiling module axi_vip_v1_1_13.axi_vip_v1_1_13_top(C_AXI_PROTOC...
Compiling module processing_system7_vip_v1_0_15.processing_system7_vip_v1_0_15_a...
Compiling module processing_system7_vip_v1_0_15.processing_system7_vip_v1_0_15_a...
Compiling module xilinx_vip.axi_vip_axi4pc(WDATA_WIDTH=32,RD...
Compiling module xilinx_vip.cb
Compiling module xilinx_vip.axi_vip_if(C_AXI_PROTOCOL=1,C_AX...
Compiling module axi_vip_v1_1_13.axi_vip_v1_1_13_top(C_AXI_PROTOC...
WARNING: [VRFC 10-3705] select index 64 into 'wrp_strb' is out of bounds [/wrk/ci/prod/2022.2/sw/continuous/3508/packages/customer/vivado/data/ip/xilinx/processing_system7_vip_v1_0/hdl/processing_system7_vip_v1_0_vl_rfs.sv:6134]
Compiling module processing_system7_vip_v1_0_15.processing_system7_vip_v1_0_15_a...
Compiling module processing_system7_vip_v1_0_15.processing_system7_vip_v1_0_15_a...
Compiling module xilinx_vip.axi_vip_axi4pc(PROTOCOL=1,RID_WI...
Compiling module xilinx_vip.cb
Compiling module xilinx_vip.axi_vip_if(C_AXI_PROTOCOL=1,C_AX...
Compiling module axi_vip_v1_1_13.axi_vip_v1_1_13_top(C_AXI_PROTOC...
Compiling module processing_system7_vip_v1_0_15.processing_system7_vip_v1_0_15_i...
WARNING: [VRFC 10-3705] select index 128 into 'wrp_strb' is out of bounds [/wrk/ci/prod/2022.2/sw/continuous/3508/packages/customer/vivado/data/ip/xilinx/processing_system7_vip_v1_0/hdl/processing_system7_vip_v1_0_vl_rfs.sv:10898]
Compiling module processing_system7_vip_v1_0_15.processing_system7_vip_v1_0_15_a...
Compiling module processing_system7_vip_v1_0_15.processing_system7_vip_v1_0_15_a...
Compiling module processing_system7_vip_v1_0_15.processing_system7_vip_v1_0_15_a...
Compiling module processing_system7_vip_v1_0_15.processing_system7_vip_v1_0_15_a...
Compiling module xilinx_vip.axi_vip_axi4pc(PROTOCOL=1,RID_WI...
Compiling module xilinx_vip.cb
Compiling module xilinx_vip.axi_vip_if(C_AXI_PROTOCOL=1,C_AX...
Compiling module axi_vip_v1_1_13.axi_vip_v1_1_13_top(C_AXI_PROTOC...
WARNING: [VRFC 10-3705] select index 128 into 'wrp_strb' is out of bounds [/wrk/ci/prod/2022.2/sw/continuous/3508/packages/customer/vivado/data/ip/xilinx/processing_system7_vip_v1_0/hdl/processing_system7_vip_v1_0_vl_rfs.sv:7772]
WARNING: [VRFC 10-3705] select index 4 into 'wr_fifo_rd_ptr' is out of bounds [/wrk/ci/prod/2022.2/sw/continuous/3508/packages/customer/vivado/data/ip/xilinx/processing_system7_vip_v1_0/hdl/processing_system7_vip_v1_0_vl_rfs.sv:7985]
WARNING: [VRFC 10-3705] select index 4 into 'ar_cnt' is out of bounds [/wrk/ci/prod/2022.2/sw/continuous/3508/packages/customer/vivado/data/ip/xilinx/processing_system7_vip_v1_0/hdl/processing_system7_vip_v1_0_vl_rfs.sv:8124]
WARNING: [VRFC 10-3705] select index 4 into 'wr_rresp_cnt' is out of bounds [/wrk/ci/prod/2022.2/sw/continuous/3508/packages/customer/vivado/data/ip/xilinx/processing_system7_vip_v1_0/hdl/processing_system7_vip_v1_0_vl_rfs.sv:8221]
WARNING: [VRFC 10-3705] select index 4 into 'rd_fifo_wr_ptr' is out of bounds [/wrk/ci/prod/2022.2/sw/continuous/3508/packages/customer/vivado/data/ip/xilinx/processing_system7_vip_v1_0/hdl/processing_system7_vip_v1_0_vl_rfs.sv:8240]
WARNING: [VRFC 10-3705] select index 4 into 'rd_cnt' is out of bounds [/wrk/ci/prod/2022.2/sw/continuous/3508/packages/customer/vivado/data/ip/xilinx/processing_system7_vip_v1_0/hdl/processing_system7_vip_v1_0_vl_rfs.sv:8381]
WARNING: [VRFC 10-3705] select index 4 into 'rresp_time_cnt' is out of bounds [/wrk/ci/prod/2022.2/sw/continuous/3508/packages/customer/vivado/data/ip/xilinx/processing_system7_vip_v1_0/hdl/processing_system7_vip_v1_0_vl_rfs.sv:8386]
WARNING: [VRFC 10-3705] select index 4 into 'rd_fifo_rd_ptr' is out of bounds [/wrk/ci/prod/2022.2/sw/continuous/3508/packages/customer/vivado/data/ip/xilinx/processing_system7_vip_v1_0/hdl/processing_system7_vip_v1_0_vl_rfs.sv:8391]
Compiling module processing_system7_vip_v1_0_15.processing_system7_vip_v1_0_15_a...
Compiling module processing_system7_vip_v1_0_15.processing_system7_vip_v1_0_15(C...
Compiling module xil_defaultlib.design_1_processing_system7_0_0
Compiling architecture imp of entity proc_sys_reset_v5_0_13.lpf [\lpf(c_ext_rst_width=4,c_aux_rst...]
Compiling architecture imp of entity proc_sys_reset_v5_0_13.proc_sys_reset [\proc_sys_reset(c_family="zynq",...]
Compiling architecture design_1_rst_ps7_0_50m_0_arch of entity xil_defaultlib.design_1_rst_ps7_0_50M_0 [design_1_rst_ps7_0_50m_0_default]
Compiling module xil_defaultlib.design_1
Compiling module xil_defaultlib.design_1_wrapper
Compiling module xil_defaultlib.glbl
Built simulation snapshot design_1_wrapper_behav
